Using pre-set license
Built from '2020.3/staging' branch; Version is '2020.3.10f1 (297d780c91bc) revision 2719096'; Using compiler version '192528614'; Build Type 'Release'
OS: 'Windows 10 Pro; OS build 19043.1110; Version 2009; 64bit' Language: 'ko' Physical Memory: 16322 MB
BatchMode: 1, IsHumanControllingUs: 0, StartBugReporterOnCrash: 0, Is64bit: 1, IsPro: 0

 COMMAND LINE ARGUMENTS:
E:\unity\project\2020.3.10f1\Editor\Unity.exe
-adb2
-batchMode
-noUpm
-name
AssetImportWorker3
-projectPath
E:/github/Photon-Firebase-Multiplay/Photon-Firebase
-logFile
Logs/AssetImportWorker3.log
-srvPort
59335
Successfully changed project path to: E:/github/Photon-Firebase-Multiplay/Photon-Firebase
E:/github/Photon-Firebase-Multiplay/Photon-Firebase
Using Asset Import Pipeline V2.
Refreshing native plugins compatible for Editor in 106.56 ms, found 4 plugins.
Preloading 0 native plugins for Editor in 0.00 ms.
Initialize engine version: 2020.3.10f1 (297d780c91bc)
[Subsystems] Discovering subsystems at path E:/unity/project/2020.3.10f1/Editor/Data/Resources/UnitySubsystems
[Subsystems] Discovering subsystems at path E:/github/Photon-Firebase-Multiplay/Photon-Firebase/Assets
GfxDevice: creating device client; threaded=0
Direct3D:
    Version:  Direct3D 11.0 [level 11.1]
    Renderer: NVIDIA GeForce GTX 1060 6GB (ID=0x1b83)
    Vendor:   
    VRAM:     6052 MB
    Driver:   30.0.14.7141
Shader 'Universal Render Pipeline/Particles/Lit': fallback shader 'Universal Render Pipeline/Particles/SimpleLit' not found
Initialize mono
Mono path[0] = 'E:/unity/project/2020.3.10f1/Editor/Data/Managed'
Mono path[1] = 'E:/unity/project/2020.3.10f1/Editor/Data/MonoBleedingEdge/lib/mono/unityjit'
Mono config path = 'E:/unity/project/2020.3.10f1/Editor/Data/MonoBleedingEdge/etc'
Using monoOptions --debugger-agent=transport=dt_socket,embedding=1,server=y,suspend=n,address=127.0.0.1:56408
Begin MonoManager ReloadAssembly
Registering precompiled unity dll's ...
Register platform support module: E:/unity/project/2020.3.10f1/Editor/Data/PlaybackEngines/WindowsStandaloneSupport/UnityEditor.WindowsStandalone.Extensions.dll
Registered in 0.001870 seconds.
Native extension for WindowsStandalone target not found
Refreshing native plugins compatible for Editor in 70.51 ms, found 4 plugins.
Preloading 0 native plugins for Editor in 0.00 ms.
Mono: successfully reloaded assembly
- Completed reload, in  2.850 seconds
Platform modules already initialized, skipping
Registering precompiled user dll's ...
Registered in 0.020769 seconds.
Begin MonoManager ReloadAssembly
Native extension for WindowsStandalone target not found
Refreshing native plugins compatible for Editor in 80.75 ms, found 4 plugins.
Preloading 0 native plugins for Editor in 0.00 ms.
Mono: successfully reloaded assembly
- Completed reload, in  1.528 seconds
Platform modules already initialized, skipping
========================================================================
Worker process is ready to serve import requests
Shader 'Universal Render Pipeline/Particles/Lit': fallback shader 'Universal Render Pipeline/Particles/SimpleLit' not found
Launched and connected shader compiler UnityShaderCompiler.exe after 0.22 seconds
Refreshing native plugins compatible for Editor in 1.39 ms, found 4 plugins.
Preloading 0 native plugins for Editor in 0.00 ms.
Unloading 4185 Unused Serialized files (Serialized files now loaded: 0)
System memory in use before: 279.5 MB.
System memory in use after: 279.7 MB.

Unloading 108 unused Assets to reduce memory usage. Loaded Objects now: 4578.
Total: 3.611900 ms (FindLiveObjects: 0.449800 ms CreateObjectMapping: 0.304700 ms MarkObjects: 2.712800 ms  DeleteObjects: 0.143700 ms)

========================================================================
Received Import Request.
  path: Assets/Unity_TextureHaven
  artifactKey: Guid(f04f708f8d955de4f93cc2a7a6859ee8) Importer(815301076,1909f56bfc062723c751e8b465ee728b)
Start importing Assets/Unity_TextureHaven using Guid(f04f708f8d955de4f93cc2a7a6859ee8) Importer(815301076,1909f56bfc062723c751e8b465ee728b)  -> (artifact id: 'f6baddf38e5aa350694d0fee1216d0ff') in 0.024444 seconds
  Import took 0.050871 seconds .

========================================================================
Received Import Request.
  Time since last request: 0.000295 seconds.
  path: Assets/Unity_TextureHaven/floor_4k/floor_4k_demo.unity
  artifactKey: Guid(d4156556144861c43a9c28b505a8da3d) Importer(815301076,1909f56bfc062723c751e8b465ee728b)
Start importing Assets/Unity_TextureHaven/floor_4k/floor_4k_demo.unity using Guid(d4156556144861c43a9c28b505a8da3d) Importer(815301076,1909f56bfc062723c751e8b465ee728b)  -> (artifact id: '1d53df479fe67b56e74ea1ef2d372a81') in 0.011270 seconds
  Import took 0.047806 seconds .

========================================================================
Received Prepare
Shader 'Universal Render Pipeline/Particles/Lit': fallback shader 'Universal Render Pipeline/Particles/SimpleLit' not found
Refreshing native plugins compatible for Editor in 35.91 ms, found 4 plugins.
Preloading 0 native plugins for Editor in 0.00 ms.
Unloading 97 Unused Serialized files (Serialized files now loaded: 0)
System memory in use before: 189.6 MB.
System memory in use after: 189.8 MB.

Unloading 97 unused Assets to reduce memory usage. Loaded Objects now: 4578.
Total: 4.090200 ms (FindLiveObjects: 0.632600 ms CreateObjectMapping: 0.233500 ms MarkObjects: 3.098900 ms  DeleteObjects: 0.124400 ms)

========================================================================
Received Import Request.
  Time since last request: 46.255106 seconds.
  path: Assets/Unity_TextureHaven/floor_4k/floor_4k_textures
  artifactKey: Guid(b00c42e099690b444b4911358e416482) Importer(815301076,1909f56bfc062723c751e8b465ee728b)
Start importing Assets/Unity_TextureHaven/floor_4k/floor_4k_textures using Guid(b00c42e099690b444b4911358e416482) Importer(815301076,1909f56bfc062723c751e8b465ee728b)  -> (artifact id: '4bbc0408f74a890ea0ff690ffd1d0a1a') in 0.003778 seconds
  Import took 0.043733 seconds .

========================================================================
Received Import Request.
  Time since last request: 35.706876 seconds.
  path: Assets/Unity_TextureHaven/floor_4k/floor_4k_materials
  artifactKey: Guid(531949c02201a3649b0d4b48986d6233) Importer(815301076,1909f56bfc062723c751e8b465ee728b)
Start importing Assets/Unity_TextureHaven/floor_4k/floor_4k_materials using Guid(531949c02201a3649b0d4b48986d6233) Importer(815301076,1909f56bfc062723c751e8b465ee728b)  -> (artifact id: 'f2f7a9af5efa1d89ae0c0372c4b6909e') in 0.003524 seconds
  Import took 0.031735 seconds .

========================================================================
Received Import Request.
  Time since last request: 0.206185 seconds.
  path: Assets/Unity_TextureHaven/floor_4k
  artifactKey: Guid(d39757b240a0d2a4bb1140c266ad825a) Importer(815301076,1909f56bfc062723c751e8b465ee728b)
Start importing Assets/Unity_TextureHaven/floor_4k using Guid(d39757b240a0d2a4bb1140c266ad825a) Importer(815301076,1909f56bfc062723c751e8b465ee728b)  -> (artifact id: '40be82e6d42423f2d9e3067f5e09036d') in 0.003802 seconds
  Import took 0.017109 seconds .

========================================================================
Received Import Request.
  Time since last request: 21.757724 seconds.
  path: Assets/Unity_TextureHaven/floor_4k/floor_4k_textures/floor_pebbles
  artifactKey: Guid(feffbc17ca6f6734989e11174e65f511) Importer(815301076,1909f56bfc062723c751e8b465ee728b)
Start importing Assets/Unity_TextureHaven/floor_4k/floor_4k_textures/floor_pebbles using Guid(feffbc17ca6f6734989e11174e65f511) Importer(815301076,1909f56bfc062723c751e8b465ee728b)  -> (artifact id: '4efa6d0bc190b7648f08cea1fcdf2582') in 0.003606 seconds
  Import took 0.031740 seconds .

========================================================================
Received Import Request.
  Time since last request: 0.453864 seconds.
  path: Assets/Unity_TextureHaven/floor_4k/floor_4k_textures/floor_tiles_02
  artifactKey: Guid(5083f9ae02d236b4899264f27818f715) Importer(815301076,1909f56bfc062723c751e8b465ee728b)
Start importing Assets/Unity_TextureHaven/floor_4k/floor_4k_textures/floor_tiles_02 using Guid(5083f9ae02d236b4899264f27818f715) Importer(815301076,1909f56bfc062723c751e8b465ee728b)  -> (artifact id: '7246935b680424990b1e3cae81d7c07f') in 0.003691 seconds
  Import took 0.025934 seconds .

========================================================================
Received Import Request.
  Time since last request: 2.267067 seconds.
  path: Assets/Unity_TextureHaven/floor_4k/floor_4k_textures/pavement_01
  artifactKey: Guid(9a38126cbd8419f428ece37c183bc5ef) Importer(815301076,1909f56bfc062723c751e8b465ee728b)
Start importing Assets/Unity_TextureHaven/floor_4k/floor_4k_textures/pavement_01 using Guid(9a38126cbd8419f428ece37c183bc5ef) Importer(815301076,1909f56bfc062723c751e8b465ee728b)  -> (artifact id: 'ebcb3d1841ffdc43c42e187943ce82b9') in 0.003499 seconds
  Import took 0.031109 seconds .

========================================================================
Received Import Request.
  Time since last request: 7.614237 seconds.
  path: Assets/Unity_TextureHaven/floor_4k/floor_4k_textures/floor_pattern_02
  artifactKey: Guid(df6bd2bb0b632c548876aeba4686fa5d) Importer(815301076,1909f56bfc062723c751e8b465ee728b)
Start importing Assets/Unity_TextureHaven/floor_4k/floor_4k_textures/floor_pattern_02 using Guid(df6bd2bb0b632c548876aeba4686fa5d) Importer(815301076,1909f56bfc062723c751e8b465ee728b)  -> (artifact id: '591cf9def7718d1662da83245989fb3b') in 0.004468 seconds
  Import took 0.022542 seconds .

========================================================================
Received Import Request.
  Time since last request: 3.484254 seconds.
  path: Assets/Unity_TextureHaven/floor_4k/floor_4k_textures/floor_klinkers_04
  artifactKey: Guid(6dea75223c126964a9bfdfe5650b1a79) Importer(815301076,1909f56bfc062723c751e8b465ee728b)
Start importing Assets/Unity_TextureHaven/floor_4k/floor_4k_textures/floor_klinkers_04 using Guid(6dea75223c126964a9bfdfe5650b1a79) Importer(815301076,1909f56bfc062723c751e8b465ee728b)  -> (artifact id: 'e4868260aeef45b3d6c2c38a64413c15') in 0.003974 seconds
  Import took 0.035024 seconds .

========================================================================
Received Import Request.
  Time since last request: 3.126265 seconds.
  path: Assets/Unity_TextureHaven/floor_4k/floor_4k_textures/cobblestone_square
  artifactKey: Guid(5a6f7fd2424d38345a4f2c7f759cf951) Importer(815301076,1909f56bfc062723c751e8b465ee728b)
Start importing Assets/Unity_TextureHaven/floor_4k/floor_4k_textures/cobblestone_square using Guid(5a6f7fd2424d38345a4f2c7f759cf951) Importer(815301076,1909f56bfc062723c751e8b465ee728b)  -> (artifact id: 'c968949a651b297d59d63dc0524dc1d4') in 0.004700 seconds
  Import took 0.031303 seconds .

========================================================================
Received Import Request.
  Time since last request: 0.799703 seconds.
  path: Assets/Unity_TextureHaven/floor_4k/floor_4k_textures/cobblestone_floor_13
  artifactKey: Guid(1ce249a6fc6c2d44d8fe852fbadd92fb) Importer(815301076,1909f56bfc062723c751e8b465ee728b)
Start importing Assets/Unity_TextureHaven/floor_4k/floor_4k_textures/cobblestone_floor_13 using Guid(1ce249a6fc6c2d44d8fe852fbadd92fb) Importer(815301076,1909f56bfc062723c751e8b465ee728b)  -> (artifact id: '7958505dcbe0fd722a4d9c2f458f8f83') in 0.003922 seconds
  Import took 0.025601 seconds .

========================================================================
Received Import Request.
  Time since last request: 1.718319 seconds.
  path: Assets/Unity_TextureHaven/floor_4k/floor_4k_textures/concrete_floor_painted
  artifactKey: Guid(5be07d97a5c614e4193417fa5ec665ea) Importer(815301076,1909f56bfc062723c751e8b465ee728b)
Start importing Assets/Unity_TextureHaven/floor_4k/floor_4k_textures/concrete_floor_painted using Guid(5be07d97a5c614e4193417fa5ec665ea) Importer(815301076,1909f56bfc062723c751e8b465ee728b)  -> (artifact id: 'b71581a4e0c8612460602e1c2af60e24') in 0.003947 seconds
  Import took 0.042227 seconds .

========================================================================
Received Import Request.
  Time since last request: 1.615382 seconds.
  path: Assets/Unity_TextureHaven/floor_4k/floor_4k_textures/cobblestone_floor_04
  artifactKey: Guid(b1656c9318070aa48b04f7ffa8d6e84c) Importer(815301076,1909f56bfc062723c751e8b465ee728b)
Start importing Assets/Unity_TextureHaven/floor_4k/floor_4k_textures/cobblestone_floor_04 using Guid(b1656c9318070aa48b04f7ffa8d6e84c) Importer(815301076,1909f56bfc062723c751e8b465ee728b)  -> (artifact id: 'ab75eb5fa35d2ba49ebc390fe1d4674c') in 0.003989 seconds
  Import took 0.020185 seconds .

========================================================================
Received Import Request.
  Time since last request: 16.535705 seconds.
  path: Assets/Scenes/Play_Solo.unity
  artifactKey: Guid(a51a1f7cb35613d448e504e58f50ef9c) Importer(815301076,1909f56bfc062723c751e8b465ee728b)
Start importing Assets/Scenes/Play_Solo.unity using Guid(a51a1f7cb35613d448e504e58f50ef9c) Importer(815301076,1909f56bfc062723c751e8b465ee728b)  -> (artifact id: '539ceabb9170ebaa3a07de01182052f4') in 0.056877 seconds
  Import took 0.070358 seconds .

========================================================================
Received Prepare
Registering precompiled user dll's ...
Registered in 0.021397 seconds.
Begin MonoManager ReloadAssembly
Native extension for WindowsStandalone target not found
Refreshing native plugins compatible for Editor in 1.13 ms, found 4 plugins.
Preloading 0 native plugins for Editor in 0.00 ms.
Mono: successfully reloaded assembly
- Completed reload, in  1.187 seconds
Platform modules already initialized, skipping
Shader 'Universal Render Pipeline/Particles/Lit': fallback shader 'Universal Render Pipeline/Particles/SimpleLit' not found
Refreshing native plugins compatible for Editor in 1.27 ms, found 4 plugins.
Preloading 0 native plugins for Editor in 0.00 ms.
Unloading 4021 Unused Serialized files (Serialized files now loaded: 0)
System memory in use before: 267.4 MB.
System memory in use after: 267.6 MB.

Unloading 100 unused Assets to reduce memory usage. Loaded Objects now: 4582.
Total: 3.207100 ms (FindLiveObjects: 0.392400 ms CreateObjectMapping: 0.194000 ms MarkObjects: 2.519900 ms  DeleteObjects: 0.099800 ms)

========================================================================
Received Import Request.
  Time since last request: 411.346407 seconds.
  path: Assets/PBRMaterials
  artifactKey: Guid(aeddc2fe2bec15c4e841496cb1fa3b00) Importer(815301076,1909f56bfc062723c751e8b465ee728b)
Start importing Assets/PBRMaterials using Guid(aeddc2fe2bec15c4e841496cb1fa3b00) Importer(815301076,1909f56bfc062723c751e8b465ee728b)  -> (artifact id: '89e8b5647f15e812ec89bca376522cfc') in 0.010250 seconds
  Import took 0.082367 seconds .

========================================================================
Received Import Request.
  Time since last request: 3.153174 seconds.
  path: Assets/Unity_PBRMaterials
  artifactKey: Guid(aeddc2fe2bec15c4e841496cb1fa3b00) Importer(815301076,1909f56bfc062723c751e8b465ee728b)
Start importing Assets/Unity_PBRMaterials using Guid(aeddc2fe2bec15c4e841496cb1fa3b00) Importer(815301076,1909f56bfc062723c751e8b465ee728b)  -> (artifact id: '7414d90e2335a2b5a22b214a0d42651e') in 0.004528 seconds
  Import took 0.028088 seconds .

========================================================================
Received Import Request.
  Time since last request: 36.705037 seconds.
  path: Assets/Unity_PBRMaterials/PBRMetalMaterials/Material
  artifactKey: Guid(c178219a7bc9a254f97a849565011250) Importer(815301076,1909f56bfc062723c751e8b465ee728b)
Start importing Assets/Unity_PBRMaterials/PBRMetalMaterials/Material using Guid(c178219a7bc9a254f97a849565011250) Importer(815301076,1909f56bfc062723c751e8b465ee728b)  -> (artifact id: 'dddc7999766b7f7be58f5962d10bdc31') in 0.004121 seconds
  Import took 0.029106 seconds .

========================================================================
Received Import Request.
  Time since last request: 195.742340 seconds.
  path: Assets/Unity_PBRMaterials/PBRMetalMaterials/Textures/MetalBare2_AO.tif
  artifactKey: Guid(4a5aebb61c553e8438f5928adab42f66) Importer(815301076,1909f56bfc062723c751e8b465ee728b)
Start importing Assets/Unity_PBRMaterials/PBRMetalMaterials/Textures/MetalBare2_AO.tif using Guid(4a5aebb61c553e8438f5928adab42f66) Importer(815301076,1909f56bfc062723c751e8b465ee728b)  -> (artifact id: '4ba461854e7f2c265a7f37a994620f08') in 0.153181 seconds
  Import took 0.177462 seconds .

========================================================================
Received Import Request.
  Time since last request: 0.000270 seconds.
  path: Assets/Unity_PBRMaterials/PBRMetalMaterials/Textures/MetalGalvanized_AO.tif
  artifactKey: Guid(fae8abdf2f61c654eabe16c9784117d4) Importer(815301076,1909f56bfc062723c751e8b465ee728b)
Start importing Assets/Unity_PBRMaterials/PBRMetalMaterials/Textures/MetalGalvanized_AO.tif using Guid(fae8abdf2f61c654eabe16c9784117d4) Importer(815301076,1909f56bfc062723c751e8b465ee728b)  -> (artifact id: '336440195aae2b195259f0e70c1bbb75') in 0.010558 seconds
  Import took 0.051829 seconds .

========================================================================
Received Import Request.
  Time since last request: 0.000283 seconds.
  path: Assets/Unity_Barking_Dog/3D Free Modular Kit/_Textures/Normal_01.png
  artifactKey: Guid(5e704b54cc0cc4015add600ce739fb2f) Importer(815301076,1909f56bfc062723c751e8b465ee728b)
Start importing Assets/Unity_Barking_Dog/3D Free Modular Kit/_Textures/Normal_01.png using Guid(5e704b54cc0cc4015add600ce739fb2f) Importer(815301076,1909f56bfc062723c751e8b465ee728b)  -> (artifact id: 'ca392e6e3c96b23e9123739573ae1db8') in 0.132081 seconds
  Import took 0.138606 seconds .

========================================================================
Received Import Request.
  Time since last request: 0.000320 seconds.
  path: Assets/Unity_PBRMaterials/PBRMetalMaterials/Textures/MetalFloor3_H.tif
  artifactKey: Guid(06c61e94df4cbbf498aea49f1ca03c0f) Importer(815301076,1909f56bfc062723c751e8b465ee728b)
Start importing Assets/Unity_PBRMaterials/PBRMetalMaterials/Textures/MetalFloor3_H.tif using Guid(06c61e94df4cbbf498aea49f1ca03c0f) Importer(815301076,1909f56bfc062723c751e8b465ee728b)  -> (artifact id: '69420acfe294e46c61d5e81637611b3a') in 0.009607 seconds
  Import took 0.028070 seconds .

========================================================================
Received Import Request.
  Time since last request: 0.000306 seconds.
  path: Assets/Unity_PBRMaterials/PBRMetalMaterials/Textures/MetalBare2_H.tif
  artifactKey: Guid(875f4743c74685f4ba921c83e64ca419) Importer(815301076,1909f56bfc062723c751e8b465ee728b)
Start importing Assets/Unity_PBRMaterials/PBRMetalMaterials/Textures/MetalBare2_H.tif using Guid(875f4743c74685f4ba921c83e64ca419) Importer(815301076,1909f56bfc062723c751e8b465ee728b)  -> (artifact id: '9f76e4b25636595e6ce966a599c2f3b3') in 0.009711 seconds
  Import took 0.021571 seconds .

========================================================================
Received Import Request.
  Time since last request: 0.000261 seconds.
  path: Assets/Unity_PBRMaterials/PBRMetalMaterials/Textures/MetalBare2_N.tif
  artifactKey: Guid(df637d79c7646a642807e3ccab81de41) Importer(815301076,1909f56bfc062723c751e8b465ee728b)
Start importing Assets/Unity_PBRMaterials/PBRMetalMaterials/Textures/MetalBare2_N.tif using Guid(df637d79c7646a642807e3ccab81de41) Importer(815301076,1909f56bfc062723c751e8b465ee728b)  -> (artifact id: 'a4d9da9089bcbe5535f4b6275dd423a4') in 0.010537 seconds
  Import took 0.027998 seconds .

========================================================================
Received Import Request.
  Time since last request: 0.000316 seconds.
  path: Assets/Unity_PBRMaterials/PBRMetalMaterials/Textures/MetalFloor3_AO.tif
  artifactKey: Guid(f0cc13103cd1bc04f9e47523a9e4b7d6) Importer(815301076,1909f56bfc062723c751e8b465ee728b)
Start importing Assets/Unity_PBRMaterials/PBRMetalMaterials/Textures/MetalFloor3_AO.tif using Guid(f0cc13103cd1bc04f9e47523a9e4b7d6) Importer(815301076,1909f56bfc062723c751e8b465ee728b)  -> (artifact id: '5b6e535e48a1b0a0bac12077763181d0') in 0.010847 seconds
  Import took 0.086139 seconds .

========================================================================
Received Import Request.
  Time since last request: 0.000280 seconds.
  path: Assets/Unity_PBRMaterials/PBRMetalMaterials/Textures/MetalFloor3_D.tif
  artifactKey: Guid(e50ab6fc8286e3040bc74dad0f78bb00) Importer(815301076,1909f56bfc062723c751e8b465ee728b)
Start importing Assets/Unity_PBRMaterials/PBRMetalMaterials/Textures/MetalFloor3_D.tif using Guid(e50ab6fc8286e3040bc74dad0f78bb00) Importer(815301076,1909f56bfc062723c751e8b465ee728b)  -> (artifact id: '42f23d2048f1c7e4f6366f173079416b') in 0.009891 seconds
  Import took 0.020890 seconds .

========================================================================
Received Import Request.
  Time since last request: 0.000312 seconds.
  path: Assets/Unity_Barking_Dog/3D Free Modular Kit/_Textures/Neon.png
  artifactKey: Guid(b5c9448ddba954bc0afcc5c19cf42525) Importer(815301076,1909f56bfc062723c751e8b465ee728b)
Start importing Assets/Unity_Barking_Dog/3D Free Modular Kit/_Textures/Neon.png using Guid(b5c9448ddba954bc0afcc5c19cf42525) Importer(815301076,1909f56bfc062723c751e8b465ee728b)  -> (artifact id: '940500b5fab7f25d7d1c7b93792baaa7') in 0.027489 seconds
  Import took 0.033488 seconds .

========================================================================
Received Import Request.
  Time since last request: 0.000347 seconds.
  path: Assets/Unity_PBRMaterials/PBRMetalMaterials/Textures/MetalGalvanized_H.tif
  artifactKey: Guid(06e52fe98f1951d4389489a8a7040886) Importer(815301076,1909f56bfc062723c751e8b465ee728b)
Start importing Assets/Unity_PBRMaterials/PBRMetalMaterials/Textures/MetalGalvanized_H.tif using Guid(06e52fe98f1951d4389489a8a7040886) Importer(815301076,1909f56bfc062723c751e8b465ee728b)  -> (artifact id: '5ee3985b549d77e6fc43e88f237e2294') in 0.009340 seconds
  Import took 0.060695 seconds .

========================================================================
Received Import Request.
  Time since last request: 0.000278 seconds.
  path: Assets/Unity_PBRMaterials/PBRMetalMaterials/Textures/MetalGalvanized_AL.tif
  artifactKey: Guid(db4e92c9b5af4724c9d11658c0678024) Importer(815301076,1909f56bfc062723c751e8b465ee728b)
Start importing Assets/Unity_PBRMaterials/PBRMetalMaterials/Textures/MetalGalvanized_AL.tif using Guid(db4e92c9b5af4724c9d11658c0678024) Importer(815301076,1909f56bfc062723c751e8b465ee728b)  -> (artifact id: '9f845983949c06fa649e2be9cea77fad') in 0.010165 seconds
  Import took 0.015423 seconds .

========================================================================
Received Import Request.
  Time since last request: 0.000312 seconds.
  path: Assets/Unity_PBRMaterials/PBRMetalMaterials/Textures/MetalGalvanized_N.tif
  artifactKey: Guid(d71c3a9049c9ae144b44db49835068ad) Importer(815301076,1909f56bfc062723c751e8b465ee728b)
Start importing Assets/Unity_PBRMaterials/PBRMetalMaterials/Textures/MetalGalvanized_N.tif using Guid(d71c3a9049c9ae144b44db49835068ad) Importer(815301076,1909f56bfc062723c751e8b465ee728b)  -> (artifact id: 'c234d18b92a59d88a368d6e96570c76e') in 0.010748 seconds
  Import took 0.080586 seconds .

========================================================================
Received Import Request.
  Time since last request: 0.000303 seconds.
  path: Assets/Unity_PBRMaterials/PBRMetalMaterials/Textures/MetalFloor3_N.tif
  artifactKey: Guid(e7b0f472404a98842a0b4ee0c2177bfb) Importer(815301076,1909f56bfc062723c751e8b465ee728b)
Start importing Assets/Unity_PBRMaterials/PBRMetalMaterials/Textures/MetalFloor3_N.tif using Guid(e7b0f472404a98842a0b4ee0c2177bfb) Importer(815301076,1909f56bfc062723c751e8b465ee728b)  -> (artifact id: 'e0958513ca24241d2e9c5ad88d421175') in 0.012088 seconds
  Import took 0.083050 seconds .

========================================================================
Received Import Request.
  Time since last request: 109.052854 seconds.
  path: Assets/Unity_PBRMaterials/PBRMetalMaterials/Textures/MetalGalvanized_AL.tif
  artifactKey: Guid(db4e92c9b5af4724c9d11658c0678024) Importer(815301076,1909f56bfc062723c751e8b465ee728b)
Start importing Assets/Unity_PBRMaterials/PBRMetalMaterials/Textures/MetalGalvanized_AL.tif using Guid(db4e92c9b5af4724c9d11658c0678024) Importer(815301076,1909f56bfc062723c751e8b465ee728b)  -> (artifact id: 'e24979792d1b68233fb27cc5e4a14f05') in 0.010097 seconds
  Import took 0.033485 seconds .

========================================================================
Received Prepare
Registering precompiled user dll's ...
Registered in 0.021459 seconds.
Begin MonoManager ReloadAssembly
Native extension for WindowsStandalone target not found
Refreshing native plugins compatible for Editor in 1.15 ms, found 4 plugins.
Preloading 0 native plugins for Editor in 0.00 ms.
Mono: successfully reloaded assembly
- Completed reload, in  1.188 seconds
Platform modules already initialized, skipping
Shader 'Universal Render Pipeline/Particles/Lit': fallback shader 'Universal Render Pipeline/Particles/SimpleLit' not found
Refreshing native plugins compatible for Editor in 1.15 ms, found 4 plugins.
Preloading 0 native plugins for Editor in 0.00 ms.
Unloading 4021 Unused Serialized files (Serialized files now loaded: 0)
System memory in use before: 270.4 MB.
System memory in use after: 270.7 MB.

Unloading 100 unused Assets to reduce memory usage. Loaded Objects now: 4592.
Total: 3.011000 ms (FindLiveObjects: 0.357900 ms CreateObjectMapping: 0.172900 ms MarkObjects: 2.374400 ms  DeleteObjects: 0.104600 ms)

========================================================================
Received Import Request.
  Time since last request: 336.078083 seconds.
  path: Assets/Unity_PBRMaterials/PBRMetalMaterials/Textures/MetalBare2_AL.tif
  artifactKey: Guid(613a159ed58c1214db92b1bc18e92188) Importer(815301076,1909f56bfc062723c751e8b465ee728b)
Start importing Assets/Unity_PBRMaterials/PBRMetalMaterials/Textures/MetalBare2_AL.tif using Guid(613a159ed58c1214db92b1bc18e92188) Importer(815301076,1909f56bfc062723c751e8b465ee728b)  -> (artifact id: 'c7947e8ea732a4b04e46e4aaee216178') in 0.097984 seconds
  Import took 0.122615 seconds .

========================================================================
Received Import Request.
  Time since last request: 212.024820 seconds.
  path: Assets/Unity_PBRMaterials/PBRWoodMaterials/Textures
  artifactKey: Guid(60d611b633f8f7a4da492199583a936c) Importer(815301076,1909f56bfc062723c751e8b465ee728b)
Start importing Assets/Unity_PBRMaterials/PBRWoodMaterials/Textures using Guid(60d611b633f8f7a4da492199583a936c) Importer(815301076,1909f56bfc062723c751e8b465ee728b)  -> (artifact id: 'accbd9c2fb90b8257d4d9e7c2e744d6e') in 0.003753 seconds
  Import took 0.078277 seconds .

========================================================================
Received Import Request.
  Time since last request: 46.515855 seconds.
  path: Assets/Unity_EffectExamples/FireExplosionEffects/Materials/SmokeDarkParticle.mat
  artifactKey: Guid(698a8134f4ebbbd4e848648685f68067) Importer(815301076,1909f56bfc062723c751e8b465ee728b)
Start importing Assets/Unity_EffectExamples/FireExplosionEffects/Materials/SmokeDarkParticle.mat using Guid(698a8134f4ebbbd4e848648685f68067) Importer(815301076,1909f56bfc062723c751e8b465ee728b)  -> (artifact id: '6e1e3775796d0df8dbb8376af666e356') in 0.520065 seconds
  Import took 0.547272 seconds .

========================================================================
Received Prepare
Registering precompiled user dll's ...
Registered in 0.023367 seconds.
Begin MonoManager ReloadAssembly
Native extension for WindowsStandalone target not found
Refreshing native plugins compatible for Editor in 1.37 ms, found 4 plugins.
Preloading 0 native plugins for Editor in 0.00 ms.
Mono: successfully reloaded assembly
- Completed reload, in  1.245 seconds
Platform modules already initialized, skipping
Shader 'Universal Render Pipeline/Particles/Lit': fallback shader 'Universal Render Pipeline/Particles/SimpleLit' not found
Refreshing native plugins compatible for Editor in 1.19 ms, found 4 plugins.
Preloading 0 native plugins for Editor in 0.00 ms.
Unloading 4021 Unused Serialized files (Serialized files now loaded: 0)
System memory in use before: 272.8 MB.
System memory in use after: 273.1 MB.

Unloading 100 unused Assets to reduce memory usage. Loaded Objects now: 4672.
Total: 3.296100 ms (FindLiveObjects: 0.470400 ms CreateObjectMapping: 0.310500 ms MarkObjects: 2.414100 ms  DeleteObjects: 0.100300 ms)

========================================================================
Received Prepare
Registering precompiled user dll's ...
Registered in 0.020598 seconds.
Begin MonoManager ReloadAssembly
Native extension for WindowsStandalone target not found
Refreshing native plugins compatible for Editor in 1.25 ms, found 4 plugins.
Preloading 0 native plugins for Editor in 0.00 ms.
Mono: successfully reloaded assembly
- Completed reload, in  1.194 seconds
Platform modules already initialized, skipping
Shader 'Universal Render Pipeline/Particles/Lit': fallback shader 'Universal Render Pipeline/Particles/SimpleLit' not found
Refreshing native plugins compatible for Editor in 1.18 ms, found 4 plugins.
Preloading 0 native plugins for Editor in 0.00 ms.
Unloading 4021 Unused Serialized files (Serialized files now loaded: 0)
System memory in use before: 272.9 MB.
System memory in use after: 273.1 MB.

Unloading 100 unused Assets to reduce memory usage. Loaded Objects now: 4676.
Total: 3.190000 ms (FindLiveObjects: 0.414800 ms CreateObjectMapping: 0.157500 ms MarkObjects: 2.507600 ms  DeleteObjects: 0.108700 ms)

========================================================================
Received Prepare
Registering precompiled user dll's ...
Registered in 0.021717 seconds.
Begin MonoManager ReloadAssembly
Native extension for WindowsStandalone target not found
Refreshing native plugins compatible for Editor in 1.18 ms, found 4 plugins.
Preloading 0 native plugins for Editor in 0.00 ms.
Mono: successfully reloaded assembly
- Completed reload, in  1.219 seconds
Platform modules already initialized, skipping
Shader 'Universal Render Pipeline/Particles/Lit': fallback shader 'Universal Render Pipeline/Particles/SimpleLit' not found
Refreshing native plugins compatible for Editor in 1.26 ms, found 4 plugins.
Preloading 0 native plugins for Editor in 0.00 ms.
Unloading 4021 Unused Serialized files (Serialized files now loaded: 0)
System memory in use before: 272.9 MB.
System memory in use after: 273.1 MB.

Unloading 100 unused Assets to reduce memory usage. Loaded Objects now: 4680.
Total: 2.952800 ms (FindLiveObjects: 0.336900 ms CreateObjectMapping: 0.142600 ms MarkObjects: 2.377300 ms  DeleteObjects: 0.095300 ms)

========================================================================
Received Prepare
Registering precompiled user dll's ...
Registered in 0.023226 seconds.
Begin MonoManager ReloadAssembly
Native extension for WindowsStandalone target not found
Refreshing native plugins compatible for Editor in 1.19 ms, found 4 plugins.
Preloading 0 native plugins for Editor in 0.00 ms.
Mono: successfully reloaded assembly
- Completed reload, in  1.350 seconds
Platform modules already initialized, skipping
Shader 'Universal Render Pipeline/Particles/Lit': fallback shader 'Universal Render Pipeline/Particles/SimpleLit' not found
Refreshing native plugins compatible for Editor in 1.21 ms, found 4 plugins.
Preloading 0 native plugins for Editor in 0.00 ms.
Unloading 4021 Unused Serialized files (Serialized files now loaded: 0)
System memory in use before: 272.9 MB.
System memory in use after: 273.1 MB.

Unloading 100 unused Assets to reduce memory usage. Loaded Objects now: 4684.
Total: 3.419600 ms (FindLiveObjects: 0.401200 ms CreateObjectMapping: 0.180100 ms MarkObjects: 2.722000 ms  DeleteObjects: 0.115500 ms)

========================================================================
Received Prepare
Registering precompiled user dll's ...
Registered in 0.020557 seconds.
Begin MonoManager ReloadAssembly
Native extension for WindowsStandalone target not found
Refreshing native plugins compatible for Editor in 1.20 ms, found 4 plugins.
Preloading 0 native plugins for Editor in 0.00 ms.
Mono: successfully reloaded assembly
- Completed reload, in  1.191 seconds
Platform modules already initialized, skipping
Shader 'Universal Render Pipeline/Particles/Lit': fallback shader 'Universal Render Pipeline/Particles/SimpleLit' not found
Refreshing native plugins compatible for Editor in 1.39 ms, found 4 plugins.
Preloading 0 native plugins for Editor in 0.00 ms.
Unloading 4021 Unused Serialized files (Serialized files now loaded: 0)
System memory in use before: 272.9 MB.
System memory in use after: 273.1 MB.

Unloading 100 unused Assets to reduce memory usage. Loaded Objects now: 4688.
Total: 3.011800 ms (FindLiveObjects: 0.336600 ms CreateObjectMapping: 0.149800 ms MarkObjects: 2.429000 ms  DeleteObjects: 0.095500 ms)

========================================================================
Received Prepare
Registering precompiled user dll's ...
Registered in 0.022349 seconds.
Begin MonoManager ReloadAssembly
Native extension for WindowsStandalone target not found
Refreshing native plugins compatible for Editor in 1.31 ms, found 4 plugins.
Preloading 0 native plugins for Editor in 0.00 ms.
Mono: successfully reloaded assembly
- Completed reload, in  1.255 seconds
Platform modules already initialized, skipping
Shader 'Universal Render Pipeline/Particles/Lit': fallback shader 'Universal Render Pipeline/Particles/SimpleLit' not found
Refreshing native plugins compatible for Editor in 1.45 ms, found 4 plugins.
Preloading 0 native plugins for Editor in 0.00 ms.
Unloading 4021 Unused Serialized files (Serialized files now loaded: 0)
System memory in use before: 272.9 MB.
System memory in use after: 273.1 MB.

Unloading 100 unused Assets to reduce memory usage. Loaded Objects now: 4692.
Total: 3.064000 ms (FindLiveObjects: 0.389400 ms CreateObjectMapping: 0.191600 ms MarkObjects: 2.382000 ms  DeleteObjects: 0.100100 ms)

========================================================================
Received Prepare
Registering precompiled user dll's ...
Registered in 0.024370 seconds.
Begin MonoManager ReloadAssembly
Native extension for WindowsStandalone target not found
Refreshing native plugins compatible for Editor in 1.24 ms, found 4 plugins.
Preloading 0 native plugins for Editor in 0.00 ms.
Mono: successfully reloaded assembly
- Completed reload, in  1.257 seconds
Platform modules already initialized, skipping
Shader 'Universal Render Pipeline/Particles/Lit': fallback shader 'Universal Render Pipeline/Particles/SimpleLit' not found
Refreshing native plugins compatible for Editor in 1.17 ms, found 4 plugins.
Preloading 0 native plugins for Editor in 0.00 ms.
Unloading 4021 Unused Serialized files (Serialized files now loaded: 0)
System memory in use before: 272.9 MB.
System memory in use after: 273.1 MB.

Unloading 100 unused Assets to reduce memory usage. Loaded Objects now: 4696.
Total: 3.223600 ms (FindLiveObjects: 0.577600 ms CreateObjectMapping: 0.301500 ms MarkObjects: 2.236300 ms  DeleteObjects: 0.107400 ms)

========================================================================
Received Prepare
Registering precompiled user dll's ...
Registered in 0.021226 seconds.
Begin MonoManager ReloadAssembly
Native extension for WindowsStandalone target not found
Refreshing native plugins compatible for Editor in 1.28 ms, found 4 plugins.
Preloading 0 native plugins for Editor in 0.00 ms.
Mono: successfully reloaded assembly
- Completed reload, in  1.238 seconds
Platform modules already initialized, skipping
Shader 'Universal Render Pipeline/Particles/Lit': fallback shader 'Universal Render Pipeline/Particles/SimpleLit' not found
Refreshing native plugins compatible for Editor in 1.28 ms, found 4 plugins.
Preloading 0 native plugins for Editor in 0.00 ms.
Unloading 4021 Unused Serialized files (Serialized files now loaded: 0)
System memory in use before: 272.9 MB.
System memory in use after: 273.2 MB.

Unloading 100 unused Assets to reduce memory usage. Loaded Objects now: 4700.
Total: 3.203800 ms (FindLiveObjects: 0.376600 ms CreateObjectMapping: 0.191300 ms MarkObjects: 2.499400 ms  DeleteObjects: 0.135400 ms)

========================================================================
Received Prepare
Registering precompiled user dll's ...
Registered in 0.020615 seconds.
Begin MonoManager ReloadAssembly
Native extension for WindowsStandalone target not found
Refreshing native plugins compatible for Editor in 1.27 ms, found 4 plugins.
Preloading 0 native plugins for Editor in 0.00 ms.
Mono: successfully reloaded assembly
- Completed reload, in  1.222 seconds
Platform modules already initialized, skipping
Shader 'Universal Render Pipeline/Particles/Lit': fallback shader 'Universal Render Pipeline/Particles/SimpleLit' not found
Refreshing native plugins compatible for Editor in 1.24 ms, found 4 plugins.
Preloading 0 native plugins for Editor in 0.00 ms.
Unloading 4021 Unused Serialized files (Serialized files now loaded: 0)
System memory in use before: 272.9 MB.
System memory in use after: 273.2 MB.

Unloading 100 unused Assets to reduce memory usage. Loaded Objects now: 4704.
Total: 3.523500 ms (FindLiveObjects: 0.406300 ms CreateObjectMapping: 0.161200 ms MarkObjects: 2.821900 ms  DeleteObjects: 0.133000 ms)

========================================================================
Received Prepare
Registering precompiled user dll's ...
Registered in 0.020748 seconds.
Begin MonoManager ReloadAssembly
Native extension for WindowsStandalone target not found
Refreshing native plugins compatible for Editor in 1.24 ms, found 4 plugins.
Preloading 0 native plugins for Editor in 0.00 ms.
Mono: successfully reloaded assembly
- Completed reload, in  1.237 seconds
Platform modules already initialized, skipping
Shader 'Universal Render Pipeline/Particles/Lit': fallback shader 'Universal Render Pipeline/Particles/SimpleLit' not found
Refreshing native plugins compatible for Editor in 1.25 ms, found 4 plugins.
Preloading 0 native plugins for Editor in 0.00 ms.
Unloading 4021 Unused Serialized files (Serialized files now loaded: 0)
System memory in use before: 273.0 MB.
System memory in use after: 273.2 MB.

Unloading 100 unused Assets to reduce memory usage. Loaded Objects now: 4708.
Total: 3.602200 ms (FindLiveObjects: 0.507800 ms CreateObjectMapping: 0.276300 ms MarkObjects: 2.621500 ms  DeleteObjects: 0.195400 ms)

========================================================================
Received Prepare
Registering precompiled user dll's ...
Registered in 0.020466 seconds.
Begin MonoManager ReloadAssembly
Native extension for WindowsStandalone target not found
Refreshing native plugins compatible for Editor in 1.17 ms, found 4 plugins.
Preloading 0 native plugins for Editor in 0.00 ms.
Mono: successfully reloaded assembly
- Completed reload, in  1.233 seconds
Platform modules already initialized, skipping
Shader 'Universal Render Pipeline/Particles/Lit': fallback shader 'Universal Render Pipeline/Particles/SimpleLit' not found
Refreshing native plugins compatible for Editor in 1.25 ms, found 4 plugins.
Preloading 0 native plugins for Editor in 0.00 ms.
Unloading 4021 Unused Serialized files (Serialized files now loaded: 0)
System memory in use before: 273.0 MB.
System memory in use after: 273.2 MB.

Unloading 100 unused Assets to reduce memory usage. Loaded Objects now: 4712.
Total: 3.406000 ms (FindLiveObjects: 0.496500 ms CreateObjectMapping: 0.254500 ms MarkObjects: 2.534100 ms  DeleteObjects: 0.120100 ms)

========================================================================
Received Import Request.
  Time since last request: 3982.441381 seconds.
  path: Assets/Images/PlayerTexture/Tools
  artifactKey: Guid(6967263e71f6af543bfd602d77a99ca1) Importer(815301076,1909f56bfc062723c751e8b465ee728b)
Start importing Assets/Images/PlayerTexture/Tools using Guid(6967263e71f6af543bfd602d77a99ca1) Importer(815301076,1909f56bfc062723c751e8b465ee728b)  -> (artifact id: 'bf3a75f4a10488d843132f1d3fb1ddc0') in 0.011904 seconds
  Import took 0.029603 seconds .

========================================================================
Received Import Request.
  Time since last request: 2.218319 seconds.
  path: Assets/Images/PlayerTexture/Tool
  artifactKey: Guid(6967263e71f6af543bfd602d77a99ca1) Importer(815301076,1909f56bfc062723c751e8b465ee728b)
Start importing Assets/Images/PlayerTexture/Tool using Guid(6967263e71f6af543bfd602d77a99ca1) Importer(815301076,1909f56bfc062723c751e8b465ee728b)  -> (artifact id: '84596be205cb727398bb6c3ecee474c0') in 0.004812 seconds
  Import took 0.051783 seconds .

========================================================================
Received Import Request.
  Time since last request: 1.143675 seconds.
  path: Assets/Images/PlayerTexture/Materials
  artifactKey: Guid(239f05c2ec4de01408577677806586e7) Importer(815301076,1909f56bfc062723c751e8b465ee728b)
Start importing Assets/Images/PlayerTexture/Materials using Guid(239f05c2ec4de01408577677806586e7) Importer(815301076,1909f56bfc062723c751e8b465ee728b)  -> (artifact id: '748ec9377b10152ca5a2af94bf4de242') in 0.044393 seconds
  Import took 0.064038 seconds .

========================================================================
Received Import Request.
  Time since last request: 7.479437 seconds.
  path: Assets/Images/PlayerTexture/Tool/Tool_Dial1.png
  artifactKey: Guid(e666ae28dcef6c4469f98f0659d6fd02) Importer(815301076,1909f56bfc062723c751e8b465ee728b)
Start importing Assets/Images/PlayerTexture/Tool/Tool_Dial1.png using Guid(e666ae28dcef6c4469f98f0659d6fd02) Importer(815301076,1909f56bfc062723c751e8b465ee728b)  -> (artifact id: '04d921cbc88634c1966bb77c3ff7b930') in 0.043193 seconds
  Import took 0.083842 seconds .

========================================================================
Received Import Request.
  Time since last request: 0.956822 seconds.
  path: Assets/Images/PlayerTexture/Tool/Tool_Dial2.png
  artifactKey: Guid(9c561a9483efbaa418738a19212d0981) Importer(815301076,1909f56bfc062723c751e8b465ee728b)
Start importing Assets/Images/PlayerTexture/Tool/Tool_Dial2.png using Guid(9c561a9483efbaa418738a19212d0981) Importer(815301076,1909f56bfc062723c751e8b465ee728b)  -> (artifact id: '52f5904b9eb56d9d955c6095dc3f8aad') in 0.009602 seconds
  Import took 0.070365 seconds .

========================================================================
Received Import Request.
  Time since last request: 22.332450 seconds.
  path: Assets/Materials/Tool
  artifactKey: Guid(7ed89ca7686e0d74f960620e8e76d84d) Importer(815301076,1909f56bfc062723c751e8b465ee728b)
Start importing Assets/Materials/Tool using Guid(7ed89ca7686e0d74f960620e8e76d84d) Importer(815301076,1909f56bfc062723c751e8b465ee728b)  -> (artifact id: 'e36c8c916ec0b9b0bafad30863c1feca') in 0.003200 seconds
  Import took 0.070334 seconds .

========================================================================
Received Import Request.
  Time since last request: 206.122005 seconds.
  path: Assets/Models/Dial.fbx
  artifactKey: Guid(0fd367062948dc744929ec82e0605196) Importer(815301076,1909f56bfc062723c751e8b465ee728b)
Start importing Assets/Models/Dial.fbx using Guid(0fd367062948dc744929ec82e0605196) Importer(815301076,1909f56bfc062723c751e8b465ee728b)  -> (artifact id: 'f34a283b170300d8437fd9a211a6a3aa') in 0.214753 seconds
  Import took 0.233835 seconds .

========================================================================
Received Import Request.
  Time since last request: 4.479829 seconds.
  path: Assets/Models/Toolk
  artifactKey: Guid(f2ab5fd2c391ddb4eb827725fbba57a9) Importer(815301076,1909f56bfc062723c751e8b465ee728b)
Start importing Assets/Models/Toolk using Guid(f2ab5fd2c391ddb4eb827725fbba57a9) Importer(815301076,1909f56bfc062723c751e8b465ee728b)  -> (artifact id: 'd1eab66f69ec62a274e696bcac8359ab') in 0.003535 seconds
  Import took 0.018940 seconds .

========================================================================
Received Import Request.
  Time since last request: 0.005191 seconds.
  path: Assets/Models/Toolk
  artifactKey: Guid(f2ab5fd2c391ddb4eb827725fbba57a9) Importer(815301076,1909f56bfc062723c751e8b465ee728b)
Start importing Assets/Models/Toolk using Guid(f2ab5fd2c391ddb4eb827725fbba57a9) Importer(815301076,1909f56bfc062723c751e8b465ee728b)  -> (artifact id: 'd1eab66f69ec62a274e696bcac8359ab') in 0.003184 seconds
  Import took 0.008857 seconds .

========================================================================
Received Import Request.
  Time since last request: 1.498965 seconds.
  path: Assets/Models/Tool
  artifactKey: Guid(f2ab5fd2c391ddb4eb827725fbba57a9) Importer(815301076,1909f56bfc062723c751e8b465ee728b)
Start importing Assets/Models/Tool using Guid(f2ab5fd2c391ddb4eb827725fbba57a9) Importer(815301076,1909f56bfc062723c751e8b465ee728b)  -> (artifact id: '22a851a80f4c079c46e8df6772f14266') in 0.003656 seconds
  Import took 0.015780 seconds .

========================================================================
Received Import Request.
  Time since last request: 12.589436 seconds.
  path: Assets/Models/Player
  artifactKey: Guid(1d2f9be25eaca4f43854cafc3f51a29b) Importer(815301076,1909f56bfc062723c751e8b465ee728b)
Start importing Assets/Models/Player using Guid(1d2f9be25eaca4f43854cafc3f51a29b) Importer(815301076,1909f56bfc062723c751e8b465ee728b)  -> (artifact id: 'fc83df9f8d14d632b0051ebebe437397') in 0.014941 seconds
  Import took 0.039523 seconds .

========================================================================
Received Import Request.
  Time since last request: 6.250192 seconds.
  path: Assets/Models/HushCute RIGGING2.blend1
  artifactKey: Guid(238a744ac04210548b2154044fbae409) Importer(815301076,1909f56bfc062723c751e8b465ee728b)
Start importing Assets/Models/HushCute RIGGING2.blend1 using Guid(238a744ac04210548b2154044fbae409) Importer(815301076,1909f56bfc062723c751e8b465ee728b)  -> (artifact id: 'c0580879bb47794338f455b8f4f05e75') in 0.023232 seconds
  Import took 0.047195 seconds .

========================================================================
Received Import Request.
  Time since last request: 77.512884 seconds.
  path: Assets/Models/Tool/Dial.fbx
  artifactKey: Guid(0fd367062948dc744929ec82e0605196) Importer(815301076,1909f56bfc062723c751e8b465ee728b)
Start importing Assets/Models/Tool/Dial.fbx using Guid(0fd367062948dc744929ec82e0605196) Importer(815301076,1909f56bfc062723c751e8b465ee728b)  -> (artifact id: '7022ad171b1da0c318e30873dd98ba34') in 0.028717 seconds
  Import took 0.034399 seconds .

========================================================================
Received Import Request.
  Time since last request: 330.439497 seconds.
  path: Assets/Unity_PBRMaterials/PBRMetalMaterials/Textures
  artifactKey: Guid(c93c4c252eb1c0645a3fd05c2a2adcfb) Importer(815301076,1909f56bfc062723c751e8b465ee728b)
Start importing Assets/Unity_PBRMaterials/PBRMetalMaterials/Textures using Guid(c93c4c252eb1c0645a3fd05c2a2adcfb) Importer(815301076,1909f56bfc062723c751e8b465ee728b)  -> (artifact id: '2f562f12af0c2ca9611c26b87dce2a72') in 0.003295 seconds
  Import took 0.214634 seconds .

========================================================================
Received Prepare
Registering precompiled user dll's ...
Registered in 0.026434 seconds.
Begin MonoManager ReloadAssembly
Native extension for WindowsStandalone target not found
Refreshing native plugins compatible for Editor in 1.16 ms, found 4 plugins.
Preloading 0 native plugins for Editor in 0.00 ms.
Mono: successfully reloaded assembly
- Completed reload, in  1.228 seconds
Platform modules already initialized, skipping
Shader 'Universal Render Pipeline/Particles/Lit': fallback shader 'Universal Render Pipeline/Particles/SimpleLit' not found
Refreshing native plugins compatible for Editor in 1.34 ms, found 4 plugins.
Preloading 0 native plugins for Editor in 0.00 ms.
Unloading 4021 Unused Serialized files (Serialized files now loaded: 0)
System memory in use before: 273.3 MB.
System memory in use after: 273.5 MB.

Unloading 100 unused Assets to reduce memory usage. Loaded Objects now: 4755.
Total: 3.083700 ms (FindLiveObjects: 0.362300 ms CreateObjectMapping: 0.196800 ms MarkObjects: 2.415600 ms  DeleteObjects: 0.108000 ms)

========================================================================
Received Import Request.
  Time since last request: 436.198198 seconds.
  path: Assets/Unity_Barking_Dog/3D Free Modular Kit/_Textures/Metal_01.tif
  artifactKey: Guid(1d3de45b986d240139bd085299915265) Importer(815301076,1909f56bfc062723c751e8b465ee728b)
Start importing Assets/Unity_Barking_Dog/3D Free Modular Kit/_Textures/Metal_01.tif using Guid(1d3de45b986d240139bd085299915265) Importer(815301076,1909f56bfc062723c751e8b465ee728b)  -> (artifact id: '61d1b42cc73721d65e2775f40ee8cfce') in 0.203719 seconds
  Import took 0.229928 seconds .

========================================================================
Received Prepare
Registering precompiled user dll's ...
Registered in 0.020955 seconds.
Begin MonoManager ReloadAssembly
Native extension for WindowsStandalone target not found
Refreshing native plugins compatible for Editor in 1.23 ms, found 4 plugins.
Preloading 0 native plugins for Editor in 0.00 ms.
Mono: successfully reloaded assembly
- Completed reload, in  1.213 seconds
Platform modules already initialized, skipping
Shader 'Universal Render Pipeline/Particles/Lit': fallback shader 'Universal Render Pipeline/Particles/SimpleLit' not found
Refreshing native plugins compatible for Editor in 1.44 ms, found 4 plugins.
Preloading 0 native plugins for Editor in 0.00 ms.
Unloading 4021 Unused Serialized files (Serialized files now loaded: 0)
System memory in use before: 273.3 MB.
System memory in use after: 273.5 MB.

Unloading 100 unused Assets to reduce memory usage. Loaded Objects now: 4759.
Total: 3.697500 ms (FindLiveObjects: 0.539100 ms CreateObjectMapping: 0.254900 ms MarkObjects: 2.778000 ms  DeleteObjects: 0.124700 ms)

========================================================================
Received Prepare
Registering precompiled user dll's ...
Registered in 0.021600 seconds.
Begin MonoManager ReloadAssembly
Native extension for WindowsStandalone target not found
Refreshing native plugins compatible for Editor in 1.19 ms, found 4 plugins.
Preloading 0 native plugins for Editor in 0.00 ms.
Mono: successfully reloaded assembly
- Completed reload, in  1.206 seconds
Platform modules already initialized, skipping
Shader 'Universal Render Pipeline/Particles/Lit': fallback shader 'Universal Render Pipeline/Particles/SimpleLit' not found
Refreshing native plugins compatible for Editor in 1.17 ms, found 4 plugins.
Preloading 0 native plugins for Editor in 0.00 ms.
Unloading 4021 Unused Serialized files (Serialized files now loaded: 0)
System memory in use before: 273.3 MB.
System memory in use after: 273.5 MB.

Unloading 100 unused Assets to reduce memory usage. Loaded Objects now: 4763.
Total: 3.106600 ms (FindLiveObjects: 0.335000 ms CreateObjectMapping: 0.207300 ms MarkObjects: 2.391400 ms  DeleteObjects: 0.172000 ms)

========================================================================
Received Prepare
Registering precompiled user dll's ...
Registered in 0.020197 seconds.
Begin MonoManager ReloadAssembly
Native extension for WindowsStandalone target not found
Refreshing native plugins compatible for Editor in 1.26 ms, found 4 plugins.
Preloading 0 native plugins for Editor in 0.00 ms.
Mono: successfully reloaded assembly
- Completed reload, in  1.185 seconds
Platform modules already initialized, skipping
Shader 'Universal Render Pipeline/Particles/Lit': fallback shader 'Universal Render Pipeline/Particles/SimpleLit' not found
Refreshing native plugins compatible for Editor in 1.25 ms, found 4 plugins.
Preloading 0 native plugins for Editor in 0.00 ms.
Unloading 4021 Unused Serialized files (Serialized files now loaded: 0)
System memory in use before: 273.3 MB.
System memory in use after: 273.5 MB.

Unloading 100 unused Assets to reduce memory usage. Loaded Objects now: 4767.
Total: 3.886100 ms (FindLiveObjects: 0.402700 ms CreateObjectMapping: 0.221400 ms MarkObjects: 3.151100 ms  DeleteObjects: 0.110100 ms)

AssetImportWorkerClient::OnTransportError - code=2 error=End of file
