Using pre-set license
Built from '2020.3/staging' branch; Version is '2020.3.10f1 (297d780c91bc) revision 2719096'; Using compiler version '192528614'; Build Type 'Release'
OS: 'Windows 10 Home; OS build 19041.985; Version 2004; 64bit' Language: 'ko' Physical Memory: 16242 MB
BatchMode: 1, IsHumanControllingUs: 0, StartBugReporterOnCrash: 0, Is64bit: 1, IsPro: 0

 COMMAND LINE ARGUMENTS:
C:\Program Files\Unity\Hub\Editor\2020.3.10f1\Editor\Unity.exe
-adb2
-batchMode
-noUpm
-name
AssetImportWorker0
-projectPath
C:/Users/popo2/Documents/GitHub/Hush/Photon-Firebase
-logFile
Logs/AssetImportWorker0.log
-srvPort
51458
Successfully changed project path to: C:/Users/popo2/Documents/GitHub/Hush/Photon-Firebase
C:/Users/popo2/Documents/GitHub/Hush/Photon-Firebase
Using Asset Import Pipeline V2.
Refreshing native plugins compatible for Editor in 79.69 ms, found 4 plugins.
Preloading 0 native plugins for Editor in 0.00 ms.
Initialize engine version: 2020.3.10f1 (297d780c91bc)
[Subsystems] Discovering subsystems at path C:/Program Files/Unity/Hub/Editor/2020.3.10f1/Editor/Data/Resources/UnitySubsystems
[Subsystems] Discovering subsystems at path C:/Users/popo2/Documents/GitHub/Hush/Photon-Firebase/Assets
GfxDevice: creating device client; threaded=0
Direct3D:
    Version:  Direct3D 11.0 [level 11.1]
    Renderer: NVIDIA GeForce MX250 (ID=0x1d13)
    Vendor:   
    VRAM:     1983 MB
    Driver:   30.0.14.7111
Initialize mono
Mono path[0] = 'C:/Program Files/Unity/Hub/Editor/2020.3.10f1/Editor/Data/Managed'
Mono path[1] = 'C:/Program Files/Unity/Hub/Editor/2020.3.10f1/Editor/Data/MonoBleedingEdge/lib/mono/unityjit'
Mono config path = 'C:/Program Files/Unity/Hub/Editor/2020.3.10f1/Editor/Data/MonoBleedingEdge/etc'
Using monoOptions --debugger-agent=transport=dt_socket,embedding=1,server=y,suspend=n,address=127.0.0.1:56544
Begin MonoManager ReloadAssembly
Registering precompiled unity dll's ...
Register platform support module: C:/Program Files/Unity/Hub/Editor/2020.3.10f1/Editor/Data/PlaybackEngines/WindowsStandaloneSupport/UnityEditor.WindowsStandalone.Extensions.dll
Registered in 0.002335 seconds.
Native extension for WindowsStandalone target not found
Refreshing native plugins compatible for Editor in 62.17 ms, found 4 plugins.
Preloading 0 native plugins for Editor in 0.00 ms.
Mono: successfully reloaded assembly
- Completed reload, in  2.181 seconds
Platform modules already initialized, skipping
Registering precompiled user dll's ...
Registered in 0.017644 seconds.
Begin MonoManager ReloadAssembly
Native extension for WindowsStandalone target not found
Refreshing native plugins compatible for Editor in 57.08 ms, found 4 plugins.
Preloading 0 native plugins for Editor in 0.00 ms.
Mono: successfully reloaded assembly
- Completed reload, in  1.390 seconds
Platform modules already initialized, skipping
========================================================================
Worker process is ready to serve import requests
Launched and connected shader compiler UnityShaderCompiler.exe after 0.07 seconds
Refreshing native plugins compatible for Editor in 1.08 ms, found 4 plugins.
Preloading 0 native plugins for Editor in 0.00 ms.
Unloading 2327 Unused Serialized files (Serialized files now loaded: 0)
System memory in use before: 116.4 MB.
System memory in use after: 116.6 MB.

Unloading 107 unused Assets to reduce memory usage. Loaded Objects now: 2709.
Total: 2.771800 ms (FindLiveObjects: 0.250000 ms CreateObjectMapping: 0.099800 ms MarkObjects: 2.295700 ms  DeleteObjects: 0.125200 ms)

========================================================================
Received Import Request.
  path: Assets/Scripts
  artifactKey: Guid(077404de62099af429857607ad508791) Importer(815301076,1909f56bfc062723c751e8b465ee728b)
Start importing Assets/Scripts using Guid(077404de62099af429857607ad508791) Importer(815301076,1909f56bfc062723c751e8b465ee728b)  -> (artifact id: 'bdda250f29ad92aad31fc50820c60184') in 0.008908 seconds
  Import took 0.012924 seconds .

========================================================================
Received Import Request.
  Time since last request: 0.000447 seconds.
  path: Assets/Scenes/Signin.unity
  artifactKey: Guid(3c94348d5cdaceb4e8378684553f9cfa) Importer(815301076,1909f56bfc062723c751e8b465ee728b)
Start importing Assets/Scenes/Signin.unity using Guid(3c94348d5cdaceb4e8378684553f9cfa) Importer(815301076,1909f56bfc062723c751e8b465ee728b)  -> (artifact id: 'eaf3b1f0061fcd1403e31b33229fd6b7') in 0.013852 seconds
  Import took 0.017466 seconds .

========================================================================
Received Import Request.
  Time since last request: 2.359637 seconds.
  path: Assets/Scenes/Signin.unity
  artifactKey: Guid(3c94348d5cdaceb4e8378684553f9cfa) Importer(815301076,1909f56bfc062723c751e8b465ee728b)
Start importing Assets/Scenes/Signin.unity using Guid(3c94348d5cdaceb4e8378684553f9cfa) Importer(815301076,1909f56bfc062723c751e8b465ee728b)  -> (artifact id: 'eaf3b1f0061fcd1403e31b33229fd6b7') in 0.002421 seconds
  Import took 0.006130 seconds .

========================================================================
Received Prepare
Registering precompiled user dll's ...
Registered in 0.027547 seconds.
Begin MonoManager ReloadAssembly
Native extension for WindowsStandalone target not found
Refreshing native plugins compatible for Editor in 1.41 ms, found 4 plugins.
Preloading 0 native plugins for Editor in 0.00 ms.
Mono: successfully reloaded assembly
- Completed reload, in  4.000 seconds
Platform modules already initialized, skipping
Refreshing native plugins compatible for Editor in 2.12 ms, found 4 plugins.
Preloading 0 native plugins for Editor in 0.00 ms.
Unloading 2288 Unused Serialized files (Serialized files now loaded: 0)
System memory in use before: 113.4 MB.
System memory in use after: 113.6 MB.

Unloading 99 unused Assets to reduce memory usage. Loaded Objects now: 2713.
Total: 5.332000 ms (FindLiveObjects: 0.491000 ms CreateObjectMapping: 0.272800 ms MarkObjects: 4.406900 ms  DeleteObjects: 0.159400 ms)

========================================================================
Received Import Request.
  Time since last request: 84.915315 seconds.
  path: Assets/Scenes/Play.unity
  artifactKey: Guid(fd662936c9874104a90fcc82643f6113) Importer(815301076,1909f56bfc062723c751e8b465ee728b)
Start importing Assets/Scenes/Play.unity using Guid(fd662936c9874104a90fcc82643f6113) Importer(815301076,1909f56bfc062723c751e8b465ee728b)  -> (artifact id: '33f0a16b304d976d320dda5808857025') in 0.034199 seconds
  Import took 0.039118 seconds .

========================================================================
Received Import Request.
  Time since last request: 0.277833 seconds.
  path: Assets/Scenes/Lobby.unity
  artifactKey: Guid(ed3b4d1cba5959a4885237391993249e) Importer(815301076,1909f56bfc062723c751e8b465ee728b)
Start importing Assets/Scenes/Lobby.unity using Guid(ed3b4d1cba5959a4885237391993249e) Importer(815301076,1909f56bfc062723c751e8b465ee728b)  -> (artifact id: '51bf7306d589509a74355c2263411d38') in 0.009684 seconds
  Import took 0.013458 seconds .

========================================================================
Received Import Request.
  Time since last request: 99.357136 seconds.
  path: Assets/Prefabs/SettingCanvas.prefab
  artifactKey: Guid(57687ecf56449d247b8a6f4e34cca906) Importer(815301076,1909f56bfc062723c751e8b465ee728b)
Start importing Assets/Prefabs/SettingCanvas.prefab using Guid(57687ecf56449d247b8a6f4e34cca906) Importer(815301076,1909f56bfc062723c751e8b465ee728b)  -> (artifact id: 'fcbc10eaec515b66b4ec80bcae09f8a2') in 0.145814 seconds
  Import took 0.151474 seconds .

========================================================================
Received Import Request.
  Time since last request: 5.468917 seconds.
  path: Assets/Photon/PhotonUnityNetworking/Resources/PhotonServerSettings.asset
  artifactKey: Guid(f86183a3fa00a1747b3bdee57c8f17fd) Importer(815301076,1909f56bfc062723c751e8b465ee728b)
Start importing Assets/Photon/PhotonUnityNetworking/Resources/PhotonServerSettings.asset using Guid(f86183a3fa00a1747b3bdee57c8f17fd) Importer(815301076,1909f56bfc062723c751e8b465ee728b)  -> (artifact id: '2b8716157da579c8ea4bcc685faf02f0') in 0.021371 seconds
  Import took 0.025709 seconds .

========================================================================
Received Import Request.
  Time since last request: 174.391144 seconds.
  path: Assets/Fonts/netmarbleB.ttf
  artifactKey: Guid(552b32bce1794a64381bb3b119359035) Importer(815301076,1909f56bfc062723c751e8b465ee728b)
Start importing Assets/Fonts/netmarbleB.ttf using Guid(552b32bce1794a64381bb3b119359035) Importer(815301076,1909f56bfc062723c751e8b465ee728b)  -> (artifact id: '40a7f775f1837db067e6eb12ded18641') in 0.122698 seconds
  Import took 0.130989 seconds .

========================================================================
Received Import Request.
  Time since last request: 0.000405 seconds.
  path: Assets/Fonts/netmarbleM.ttf
  artifactKey: Guid(03dcd17f9b0e98c4586fb074ca9e6332) Importer(815301076,1909f56bfc062723c751e8b465ee728b)
Start importing Assets/Fonts/netmarbleM.ttf using Guid(03dcd17f9b0e98c4586fb074ca9e6332) Importer(815301076,1909f56bfc062723c751e8b465ee728b)  -> (artifact id: 'd2850b3dea80ceabfe2b5c92e8c9a7f4') in 0.021725 seconds
  Import took 0.026836 seconds .

========================================================================
Received Import Request.
  Time since last request: 0.000271 seconds.
  path: Assets/Unity_EffectExamples/Shared/Fonts/RobotoCondensed-Bold.ttf
  artifactKey: Guid(fae067962e5934395be31c8aba4a3455) Importer(815301076,1909f56bfc062723c751e8b465ee728b)
Start importing Assets/Unity_EffectExamples/Shared/Fonts/RobotoCondensed-Bold.ttf using Guid(fae067962e5934395be31c8aba4a3455) Importer(815301076,1909f56bfc062723c751e8b465ee728b)  -> (artifact id: '9cde141679e08e44fd361a79e374d406') in 0.035457 seconds
  Import took 0.041258 seconds .

========================================================================
Received Import Request.
  Time since last request: 0.000354 seconds.
  path: Assets/Fonts/netmarbleB.ttf
  artifactKey: Guid(552b32bce1794a64381bb3b119359035) Importer(815301076,1909f56bfc062723c751e8b465ee728b)
Start importing Assets/Fonts/netmarbleB.ttf using Guid(552b32bce1794a64381bb3b119359035) Importer(815301076,1909f56bfc062723c751e8b465ee728b)  -> (artifact id: '40a7f775f1837db067e6eb12ded18641') in 0.019215 seconds
  Import took 0.026063 seconds .

========================================================================
Received Import Request.
  Time since last request: 0.000559 seconds.
  path: Assets/Unity_EffectExamples/Shared/Fonts/Roboto-Thin.ttf
  artifactKey: Guid(cd25d80d03a864fdd90534b28f15208a) Importer(815301076,1909f56bfc062723c751e8b465ee728b)
Start importing Assets/Unity_EffectExamples/Shared/Fonts/Roboto-Thin.ttf using Guid(cd25d80d03a864fdd90534b28f15208a) Importer(815301076,1909f56bfc062723c751e8b465ee728b)  -> (artifact id: 'f9f12f3f8121f3f1ab89f8951ca8bafe') in 0.033553 seconds
  Import took 0.040592 seconds .

========================================================================
Received Import Request.
  Time since last request: 0.000347 seconds.
  path: Assets/Fonts/netmarbleM.ttf
  artifactKey: Guid(03dcd17f9b0e98c4586fb074ca9e6332) Importer(815301076,1909f56bfc062723c751e8b465ee728b)
Start importing Assets/Fonts/netmarbleM.ttf using Guid(03dcd17f9b0e98c4586fb074ca9e6332) Importer(815301076,1909f56bfc062723c751e8b465ee728b)  -> (artifact id: 'd2850b3dea80ceabfe2b5c92e8c9a7f4') in 0.017779 seconds
  Import took 0.024258 seconds .

========================================================================
Received Import Request.
  Time since last request: 0.049881 seconds.
  path: Assets/Unity_EffectExamples/Shared/Fonts/Roboto-Thin.ttf
  artifactKey: Guid(cd25d80d03a864fdd90534b28f15208a) Importer(815301076,1909f56bfc062723c751e8b465ee728b)
Start importing Assets/Unity_EffectExamples/Shared/Fonts/Roboto-Thin.ttf using Guid(cd25d80d03a864fdd90534b28f15208a) Importer(815301076,1909f56bfc062723c751e8b465ee728b)  -> (artifact id: 'f9f12f3f8121f3f1ab89f8951ca8bafe') in 0.017380 seconds
  Import took 0.025755 seconds .

========================================================================
Received Prepare
Registering precompiled user dll's ...
Registered in 0.830114 seconds.
Begin MonoManager ReloadAssembly
Native extension for WindowsStandalone target not found
Refreshing native plugins compatible for Editor in 1.09 ms, found 4 plugins.
Preloading 0 native plugins for Editor in 0.00 ms.
Mono: successfully reloaded assembly
- Completed reload, in  1.490 seconds
Platform modules already initialized, skipping
Refreshing native plugins compatible for Editor in 1.23 ms, found 4 plugins.
Preloading 0 native plugins for Editor in 0.00 ms.
Unloading 2288 Unused Serialized files (Serialized files now loaded: 0)
System memory in use before: 116.8 MB.
System memory in use after: 117.0 MB.

Unloading 102 unused Assets to reduce memory usage. Loaded Objects now: 2761.
Total: 3.455100 ms (FindLiveObjects: 0.352000 ms CreateObjectMapping: 0.092500 ms MarkObjects: 2.875600 ms  DeleteObjects: 0.133800 ms)

========================================================================
Received Prepare
Registering precompiled user dll's ...
Registered in 0.030799 seconds.
Begin MonoManager ReloadAssembly
Native extension for WindowsStandalone target not found
Refreshing native plugins compatible for Editor in 1.08 ms, found 4 plugins.
Preloading 0 native plugins for Editor in 0.00 ms.
Mono: successfully reloaded assembly
- Completed reload, in  1.337 seconds
Platform modules already initialized, skipping
Refreshing native plugins compatible for Editor in 1.61 ms, found 4 plugins.
Preloading 0 native plugins for Editor in 0.00 ms.
Unloading 2288 Unused Serialized files (Serialized files now loaded: 0)
System memory in use before: 116.8 MB.
System memory in use after: 117.0 MB.

Unloading 99 unused Assets to reduce memory usage. Loaded Objects now: 2765.
Total: 3.489200 ms (FindLiveObjects: 0.304300 ms CreateObjectMapping: 0.129700 ms MarkObjects: 2.959100 ms  DeleteObjects: 0.094800 ms)

========================================================================
Received Import Request.
  Time since last request: 1260.227579 seconds.
  path: Assets/Scenes/Play
  artifactKey: Guid(8d9c997336b6d7545aa0696546e31deb) Importer(815301076,1909f56bfc062723c751e8b465ee728b)
Start importing Assets/Scenes/Play using Guid(8d9c997336b6d7545aa0696546e31deb) Importer(815301076,1909f56bfc062723c751e8b465ee728b)  -> (artifact id: '6ffbbe0ead4589aed5ea2355f5fbf593') in 0.026693 seconds
  Import took 0.033582 seconds .

========================================================================
Received Import Request.
  Time since last request: 1.912670 seconds.
  path: Assets/Scenes
  artifactKey: Guid(71af03a1e1b88ce4fb764f8a54cc4d71) Importer(815301076,1909f56bfc062723c751e8b465ee728b)
Start importing Assets/Scenes using Guid(71af03a1e1b88ce4fb764f8a54cc4d71) Importer(815301076,1909f56bfc062723c751e8b465ee728b)  -> (artifact id: '9769cc32b2977acf438ea0536b7b7309') in 0.014218 seconds
  Import took 0.020354 seconds .

========================================================================
Received Import Request.
  Time since last request: 1129.929175 seconds.
  path: Assets/Scripts/SettingManager.cs
  artifactKey: Guid(bbc483a787fb1574ba683407a43e04af) Importer(815301076,1909f56bfc062723c751e8b465ee728b)
Start importing Assets/Scripts/SettingManager.cs using Guid(bbc483a787fb1574ba683407a43e04af) Importer(815301076,1909f56bfc062723c751e8b465ee728b)  -> (artifact id: '106cabf28269978f4ce3cf9113f9bdef') in 0.023634 seconds
  Import took 0.028821 seconds .

========================================================================
Received Prepare
Registering precompiled user dll's ...
Registered in 0.040916 seconds.
Begin MonoManager ReloadAssembly
Native extension for WindowsStandalone target not found
Refreshing native plugins compatible for Editor in 1.16 ms, found 4 plugins.
Preloading 0 native plugins for Editor in 0.00 ms.
Mono: successfully reloaded assembly
- Completed reload, in  1.286 seconds
Platform modules already initialized, skipping
Refreshing native plugins compatible for Editor in 1.10 ms, found 4 plugins.
Preloading 0 native plugins for Editor in 0.00 ms.
Unloading 2288 Unused Serialized files (Serialized files now loaded: 0)
System memory in use before: 116.8 MB.
System memory in use after: 117.0 MB.

Unloading 99 unused Assets to reduce memory usage. Loaded Objects now: 2769.
Total: 2.847200 ms (FindLiveObjects: 0.236200 ms CreateObjectMapping: 0.112000 ms MarkObjects: 2.368300 ms  DeleteObjects: 0.129700 ms)

========================================================================
Received Import Request.
  Time since last request: 36.141378 seconds.
  path: Assets/Scripts/SettingManager.cs
  artifactKey: Guid(bbc483a787fb1574ba683407a43e04af) Importer(815301076,1909f56bfc062723c751e8b465ee728b)
Start importing Assets/Scripts/SettingManager.cs using Guid(bbc483a787fb1574ba683407a43e04af) Importer(815301076,1909f56bfc062723c751e8b465ee728b)  -> (artifact id: '824a1e711fcc349de46ed377e81d3783') in 0.005695 seconds
  Import took 0.011079 seconds .

========================================================================
Received Prepare
Registering precompiled user dll's ...
Registered in 0.037853 seconds.
Begin MonoManager ReloadAssembly
Native extension for WindowsStandalone target not found
Refreshing native plugins compatible for Editor in 1.22 ms, found 4 plugins.
Preloading 0 native plugins for Editor in 0.00 ms.
Mono: successfully reloaded assembly
- Completed reload, in  1.505 seconds
Platform modules already initialized, skipping
Refreshing native plugins compatible for Editor in 1.06 ms, found 4 plugins.
Preloading 0 native plugins for Editor in 0.00 ms.
Unloading 2288 Unused Serialized files (Serialized files now loaded: 0)
System memory in use before: 116.8 MB.
System memory in use after: 116.9 MB.

Unloading 99 unused Assets to reduce memory usage. Loaded Objects now: 2773.
Total: 3.017400 ms (FindLiveObjects: 0.234800 ms CreateObjectMapping: 0.103100 ms MarkObjects: 2.553700 ms  DeleteObjects: 0.125000 ms)

========================================================================
Received Prepare
Registering precompiled user dll's ...
Registered in 0.028349 seconds.
Begin MonoManager ReloadAssembly
Native extension for WindowsStandalone target not found
Refreshing native plugins compatible for Editor in 1.05 ms, found 4 plugins.
Preloading 0 native plugins for Editor in 0.00 ms.
Mono: successfully reloaded assembly
- Completed reload, in  1.294 seconds
Platform modules already initialized, skipping
Refreshing native plugins compatible for Editor in 1.11 ms, found 4 plugins.
Preloading 0 native plugins for Editor in 0.00 ms.
Unloading 2288 Unused Serialized files (Serialized files now loaded: 0)
System memory in use before: 116.9 MB.
System memory in use after: 117.0 MB.

Unloading 99 unused Assets to reduce memory usage. Loaded Objects now: 2777.
Total: 3.401000 ms (FindLiveObjects: 0.263800 ms CreateObjectMapping: 0.121500 ms MarkObjects: 2.831800 ms  DeleteObjects: 0.181800 ms)

========================================================================
Received Import Request.
  Time since last request: 4490.095592 seconds.
  path: Assets/Prefabs/SettingCanvas.prefab
  artifactKey: Guid(57687ecf56449d247b8a6f4e34cca906) Importer(815301076,1909f56bfc062723c751e8b465ee728b)
Start importing Assets/Prefabs/SettingCanvas.prefab using Guid(57687ecf56449d247b8a6f4e34cca906) Importer(815301076,1909f56bfc062723c751e8b465ee728b)  -> (artifact id: '1c0328dcbb2dd20fbde804adf97f747a') in 0.268804 seconds
  Import took 0.274768 seconds .

========================================================================
Received Import Request.
  Time since last request: 0.716963 seconds.
  path: Assets/Scenes/#TestScene.unity
  artifactKey: Guid(9fc0d4010bbf28b4594072e72b8655ab) Importer(815301076,1909f56bfc062723c751e8b465ee728b)
Start importing Assets/Scenes/#TestScene.unity using Guid(9fc0d4010bbf28b4594072e72b8655ab) Importer(815301076,1909f56bfc062723c751e8b465ee728b)  -> (artifact id: 'eefb0a9506c2048331acac590689df6f') in 0.045303 seconds
  Import took 0.066469 seconds .

========================================================================
Received Prepare
Registering precompiled user dll's ...
Registered in 0.023113 seconds.
Begin MonoManager ReloadAssembly
Native extension for WindowsStandalone target not found
Refreshing native plugins compatible for Editor in 1.34 ms, found 4 plugins.
Preloading 0 native plugins for Editor in 0.00 ms.
Mono: successfully reloaded assembly
- Completed reload, in  1.378 seconds
Platform modules already initialized, skipping
Refreshing native plugins compatible for Editor in 1.18 ms, found 4 plugins.
Preloading 0 native plugins for Editor in 0.00 ms.
Unloading 2288 Unused Serialized files (Serialized files now loaded: 0)
System memory in use before: 116.9 MB.
System memory in use after: 117.1 MB.

Unloading 105 unused Assets to reduce memory usage. Loaded Objects now: 2783.
Total: 3.646100 ms (FindLiveObjects: 0.391400 ms CreateObjectMapping: 0.227800 ms MarkObjects: 2.884600 ms  DeleteObjects: 0.140800 ms)

========================================================================
Received Prepare
Registering precompiled user dll's ...
Registered in 0.023754 seconds.
Begin MonoManager ReloadAssembly
Native extension for WindowsStandalone target not found
Refreshing native plugins compatible for Editor in 1.15 ms, found 4 plugins.
Preloading 0 native plugins for Editor in 0.00 ms.
Mono: successfully reloaded assembly
- Completed reload, in  1.492 seconds
Platform modules already initialized, skipping
Refreshing native plugins compatible for Editor in 1.23 ms, found 4 plugins.
Preloading 0 native plugins for Editor in 0.00 ms.
Unloading 2288 Unused Serialized files (Serialized files now loaded: 0)
System memory in use before: 117.0 MB.
System memory in use after: 117.1 MB.

Unloading 99 unused Assets to reduce memory usage. Loaded Objects now: 2787.
Total: 2.704200 ms (FindLiveObjects: 0.244800 ms CreateObjectMapping: 0.109800 ms MarkObjects: 2.245400 ms  DeleteObjects: 0.103300 ms)

========================================================================
Received Prepare
Registering precompiled user dll's ...
Registered in 0.021508 seconds.
Begin MonoManager ReloadAssembly
Native extension for WindowsStandalone target not found
Refreshing native plugins compatible for Editor in 1.09 ms, found 4 plugins.
Preloading 0 native plugins for Editor in 0.00 ms.
Mono: successfully reloaded assembly
- Completed reload, in  1.414 seconds
Platform modules already initialized, skipping
Refreshing native plugins compatible for Editor in 1.18 ms, found 4 plugins.
Preloading 0 native plugins for Editor in 0.00 ms.
Unloading 2288 Unused Serialized files (Serialized files now loaded: 0)
System memory in use before: 117.0 MB.
System memory in use after: 117.2 MB.

Unloading 99 unused Assets to reduce memory usage. Loaded Objects now: 2791.
Total: 3.063200 ms (FindLiveObjects: 0.294600 ms CreateObjectMapping: 0.128000 ms MarkObjects: 2.524900 ms  DeleteObjects: 0.114600 ms)

========================================================================
Received Prepare
Registering precompiled user dll's ...
Registered in 0.023144 seconds.
Begin MonoManager ReloadAssembly
Native extension for WindowsStandalone target not found
Refreshing native plugins compatible for Editor in 1.29 ms, found 4 plugins.
Preloading 0 native plugins for Editor in 0.00 ms.
Mono: successfully reloaded assembly
- Completed reload, in  1.366 seconds
Platform modules already initialized, skipping
Refreshing native plugins compatible for Editor in 1.34 ms, found 4 plugins.
Preloading 0 native plugins for Editor in 0.00 ms.
Unloading 2288 Unused Serialized files (Serialized files now loaded: 0)
System memory in use before: 116.9 MB.
System memory in use after: 117.1 MB.

Unloading 99 unused Assets to reduce memory usage. Loaded Objects now: 2795.
Total: 2.974700 ms (FindLiveObjects: 0.318000 ms CreateObjectMapping: 0.139500 ms MarkObjects: 2.409900 ms  DeleteObjects: 0.105800 ms)

========================================================================
Received Prepare
Registering precompiled user dll's ...
Registered in 0.032752 seconds.
Begin MonoManager ReloadAssembly
Native extension for WindowsStandalone target not found
Refreshing native plugins compatible for Editor in 1.23 ms, found 4 plugins.
Preloading 0 native plugins for Editor in 0.00 ms.
Mono: successfully reloaded assembly
- Completed reload, in  1.424 seconds
Platform modules already initialized, skipping
Refreshing native plugins compatible for Editor in 1.96 ms, found 4 plugins.
Preloading 0 native plugins for Editor in 0.00 ms.
Unloading 2288 Unused Serialized files (Serialized files now loaded: 0)
System memory in use before: 117.0 MB.
System memory in use after: 117.2 MB.

Unloading 99 unused Assets to reduce memory usage. Loaded Objects now: 2799.
Total: 3.816600 ms (FindLiveObjects: 0.310000 ms CreateObjectMapping: 0.223800 ms MarkObjects: 3.144100 ms  DeleteObjects: 0.137300 ms)

========================================================================
Received Prepare
Registering precompiled user dll's ...
Registered in 0.020277 seconds.
Begin MonoManager ReloadAssembly
Native extension for WindowsStandalone target not found
Refreshing native plugins compatible for Editor in 2.43 ms, found 4 plugins.
Preloading 0 native plugins for Editor in 0.00 ms.
Mono: successfully reloaded assembly
- Completed reload, in  1.896 seconds
Platform modules already initialized, skipping
Refreshing native plugins compatible for Editor in 1.15 ms, found 4 plugins.
Preloading 0 native plugins for Editor in 0.00 ms.
Unloading 2288 Unused Serialized files (Serialized files now loaded: 0)
System memory in use before: 117.0 MB.
System memory in use after: 117.2 MB.

Unloading 99 unused Assets to reduce memory usage. Loaded Objects now: 2803.
Total: 4.653900 ms (FindLiveObjects: 0.308700 ms CreateObjectMapping: 0.124500 ms MarkObjects: 4.062300 ms  DeleteObjects: 0.156900 ms)

========================================================================
Received Prepare
Registering precompiled user dll's ...
Registered in 0.025910 seconds.
Begin MonoManager ReloadAssembly
Native extension for WindowsStandalone target not found
Refreshing native plugins compatible for Editor in 1.21 ms, found 4 plugins.
Preloading 0 native plugins for Editor in 0.00 ms.
Mono: successfully reloaded assembly
- Completed reload, in  1.333 seconds
Platform modules already initialized, skipping
Refreshing native plugins compatible for Editor in 1.35 ms, found 4 plugins.
Preloading 0 native plugins for Editor in 0.00 ms.
Unloading 2288 Unused Serialized files (Serialized files now loaded: 0)
System memory in use before: 117.0 MB.
System memory in use after: 117.2 MB.

Unloading 99 unused Assets to reduce memory usage. Loaded Objects now: 2807.
Total: 3.445000 ms (FindLiveObjects: 0.315100 ms CreateObjectMapping: 0.118300 ms MarkObjects: 2.675600 ms  DeleteObjects: 0.333300 ms)

========================================================================
Received Prepare
Registering precompiled user dll's ...
Registered in 0.028530 seconds.
Begin MonoManager ReloadAssembly
Native extension for WindowsStandalone target not found
Refreshing native plugins compatible for Editor in 1.04 ms, found 4 plugins.
Preloading 0 native plugins for Editor in 0.00 ms.
Mono: successfully reloaded assembly
- Completed reload, in  1.322 seconds
Platform modules already initialized, skipping
Refreshing native plugins compatible for Editor in 1.18 ms, found 4 plugins.
Preloading 0 native plugins for Editor in 0.00 ms.
Unloading 2288 Unused Serialized files (Serialized files now loaded: 0)
System memory in use before: 117.0 MB.
System memory in use after: 117.2 MB.

Unloading 99 unused Assets to reduce memory usage. Loaded Objects now: 2811.
Total: 3.706600 ms (FindLiveObjects: 0.430700 ms CreateObjectMapping: 0.221300 ms MarkObjects: 2.947700 ms  DeleteObjects: 0.105100 ms)

========================================================================
Received Prepare
Registering precompiled user dll's ...
Registered in 0.023577 seconds.
Begin MonoManager ReloadAssembly
Native extension for WindowsStandalone target not found
Refreshing native plugins compatible for Editor in 1.11 ms, found 4 plugins.
Preloading 0 native plugins for Editor in 0.00 ms.
Mono: successfully reloaded assembly
- Completed reload, in  1.301 seconds
Platform modules already initialized, skipping
Refreshing native plugins compatible for Editor in 1.16 ms, found 4 plugins.
Preloading 0 native plugins for Editor in 0.00 ms.
Unloading 2288 Unused Serialized files (Serialized files now loaded: 0)
System memory in use before: 116.9 MB.
System memory in use after: 117.1 MB.

Unloading 99 unused Assets to reduce memory usage. Loaded Objects now: 2815.
Total: 2.610300 ms (FindLiveObjects: 0.229900 ms CreateObjectMapping: 0.092700 ms MarkObjects: 2.187600 ms  DeleteObjects: 0.099100 ms)

========================================================================
Received Import Request.
  Time since last request: 2057.424541 seconds.
  path: Assets/Scenes/CreateAccount.unity
  artifactKey: Guid(ccee7fa671622d342b55f926d2a7113b) Importer(815301076,1909f56bfc062723c751e8b465ee728b)
Start importing Assets/Scenes/CreateAccount.unity using Guid(ccee7fa671622d342b55f926d2a7113b) Importer(815301076,1909f56bfc062723c751e8b465ee728b)  -> (artifact id: '4d21b5fb0b21865835c791bd13ef07d1') in 0.096701 seconds
  Import took 0.101926 seconds .

========================================================================
Received Import Request.
  Time since last request: 151.607727 seconds.
  path: Assets/Scenes/Lobby.unity
  artifactKey: Guid(ed3b4d1cba5959a4885237391993249e) Importer(815301076,1909f56bfc062723c751e8b465ee728b)
Start importing Assets/Scenes/Lobby.unity using Guid(ed3b4d1cba5959a4885237391993249e) Importer(815301076,1909f56bfc062723c751e8b465ee728b)  -> (artifact id: 'b9cb5dfd713b38366d05bc62d4ed30d6') in 0.010060 seconds
  Import took 0.015635 seconds .

========================================================================
Received Prepare
Registering precompiled user dll's ...
Registered in 0.021852 seconds.
Begin MonoManager ReloadAssembly
Native extension for WindowsStandalone target not found
Refreshing native plugins compatible for Editor in 1.09 ms, found 4 plugins.
Preloading 0 native plugins for Editor in 0.00 ms.
Mono: successfully reloaded assembly
- Completed reload, in  1.426 seconds
Platform modules already initialized, skipping
Refreshing native plugins compatible for Editor in 1.27 ms, found 4 plugins.
Preloading 0 native plugins for Editor in 0.00 ms.
Unloading 2288 Unused Serialized files (Serialized files now loaded: 0)
System memory in use before: 117.0 MB.
System memory in use after: 117.2 MB.

Unloading 99 unused Assets to reduce memory usage. Loaded Objects now: 2819.
Total: 3.181400 ms (FindLiveObjects: 0.291300 ms CreateObjectMapping: 0.188700 ms MarkObjects: 2.592300 ms  DeleteObjects: 0.106800 ms)

========================================================================
Received Prepare
Registering precompiled user dll's ...
Registered in 0.020893 seconds.
Begin MonoManager ReloadAssembly
Native extension for WindowsStandalone target not found
Refreshing native plugins compatible for Editor in 1.68 ms, found 4 plugins.
Preloading 0 native plugins for Editor in 0.00 ms.
Mono: successfully reloaded assembly
- Completed reload, in  1.439 seconds
Platform modules already initialized, skipping
Refreshing native plugins compatible for Editor in 1.07 ms, found 4 plugins.
Preloading 0 native plugins for Editor in 0.00 ms.
Unloading 2288 Unused Serialized files (Serialized files now loaded: 0)
System memory in use before: 117.1 MB.
System memory in use after: 117.2 MB.

Unloading 99 unused Assets to reduce memory usage. Loaded Objects now: 2823.
Total: 2.876000 ms (FindLiveObjects: 0.307500 ms CreateObjectMapping: 0.158600 ms MarkObjects: 2.311700 ms  DeleteObjects: 0.096900 ms)

========================================================================
Received Import Request.
  Time since last request: 231.891497 seconds.
  path: Assets/Scripts/SceneCheck.cs
  artifactKey: Guid(3060eb9ca72ac534d977ba41c000ff3b) Importer(815301076,1909f56bfc062723c751e8b465ee728b)
Start importing Assets/Scripts/SceneCheck.cs using Guid(3060eb9ca72ac534d977ba41c000ff3b) Importer(815301076,1909f56bfc062723c751e8b465ee728b)  -> (artifact id: '969aed63b14cd501c85fcaa33bb7bbe4') in 0.016312 seconds
  Import took 0.021538 seconds .

========================================================================
Received Prepare
Registering precompiled user dll's ...
Registered in 0.027970 seconds.
Begin MonoManager ReloadAssembly
Native extension for WindowsStandalone target not found
Refreshing native plugins compatible for Editor in 6.10 ms, found 4 plugins.
Preloading 0 native plugins for Editor in 0.00 ms.
Mono: successfully reloaded assembly
- Completed reload, in  2.218 seconds
Platform modules already initialized, skipping
Refreshing native plugins compatible for Editor in 1.13 ms, found 4 plugins.
Preloading 0 native plugins for Editor in 0.00 ms.
Unloading 2288 Unused Serialized files (Serialized files now loaded: 0)
System memory in use before: 117.1 MB.
System memory in use after: 117.3 MB.

Unloading 99 unused Assets to reduce memory usage. Loaded Objects now: 2827.
Total: 2.549200 ms (FindLiveObjects: 0.258900 ms CreateObjectMapping: 0.102700 ms MarkObjects: 2.098300 ms  DeleteObjects: 0.088300 ms)

========================================================================
Received Prepare
Registering precompiled user dll's ...
Registered in 0.026159 seconds.
Begin MonoManager ReloadAssembly
Native extension for WindowsStandalone target not found
Refreshing native plugins compatible for Editor in 1.07 ms, found 4 plugins.
Preloading 0 native plugins for Editor in 0.00 ms.
Mono: successfully reloaded assembly
- Completed reload, in  2.178 seconds
Platform modules already initialized, skipping
Refreshing native plugins compatible for Editor in 1.86 ms, found 4 plugins.
Preloading 0 native plugins for Editor in 0.00 ms.
Unloading 2288 Unused Serialized files (Serialized files now loaded: 0)
System memory in use before: 117.1 MB.
System memory in use after: 117.3 MB.

Unloading 99 unused Assets to reduce memory usage. Loaded Objects now: 2831.
Total: 3.701200 ms (FindLiveObjects: 0.257800 ms CreateObjectMapping: 0.118000 ms MarkObjects: 3.212400 ms  DeleteObjects: 0.111800 ms)

========================================================================
Received Import Request.
  Time since last request: 630.624455 seconds.
  path: Assets/Scripts/ButtonSound.cs
  artifactKey: Guid(c7cb09bbda369b046b2725c015dc79b1) Importer(815301076,1909f56bfc062723c751e8b465ee728b)
Start importing Assets/Scripts/ButtonSound.cs using Guid(c7cb09bbda369b046b2725c015dc79b1) Importer(815301076,1909f56bfc062723c751e8b465ee728b)  -> (artifact id: '32503c3f3bfae4e43a08412fc061dea4') in 0.011556 seconds
  Import took 0.016367 seconds .

========================================================================
Received Import Request.
  Time since last request: 0.000312 seconds.
  path: Assets/Scripts/BGM.cs
  artifactKey: Guid(e9be5f7ffddd07c4b963a51cd7767158) Importer(815301076,1909f56bfc062723c751e8b465ee728b)
Start importing Assets/Scripts/BGM.cs using Guid(e9be5f7ffddd07c4b963a51cd7767158) Importer(815301076,1909f56bfc062723c751e8b465ee728b)  -> (artifact id: 'cdbef8913b51139430c43723676c5eff') in 0.008545 seconds
  Import took 0.012668 seconds .

========================================================================
Received Import Request.
  Time since last request: 15.461288 seconds.
  path: Assets/Scripts/DirectionAction.cs
  artifactKey: Guid(c023075f2bf61c84a99e5c4b08a95575) Importer(815301076,1909f56bfc062723c751e8b465ee728b)
Start importing Assets/Scripts/DirectionAction.cs using Guid(c023075f2bf61c84a99e5c4b08a95575) Importer(815301076,1909f56bfc062723c751e8b465ee728b)  -> (artifact id: 'ba31af7dab2a17108470190e70ae3417') in 0.047281 seconds
  Import took 0.067673 seconds .

========================================================================
Received Import Request.
  Time since last request: 0.056997 seconds.
  path: Assets/Scripts/DirectionAction.cs
  artifactKey: Guid(c023075f2bf61c84a99e5c4b08a95575) Importer(815301076,1909f56bfc062723c751e8b465ee728b)
Start importing Assets/Scripts/DirectionAction.cs using Guid(c023075f2bf61c84a99e5c4b08a95575) Importer(815301076,1909f56bfc062723c751e8b465ee728b)  -> (artifact id: 'ba31af7dab2a17108470190e70ae3417') in 0.038698 seconds
  Import took 0.063494 seconds .

========================================================================
Received Import Request.
  Time since last request: 1.121239 seconds.
  path: Assets/Scripts/SFX.cs
  artifactKey: Guid(7d714eddd93d3324e85c145937f9ac02) Importer(815301076,1909f56bfc062723c751e8b465ee728b)
Start importing Assets/Scripts/SFX.cs using Guid(7d714eddd93d3324e85c145937f9ac02) Importer(815301076,1909f56bfc062723c751e8b465ee728b)  -> (artifact id: '24eafbf8a32c1d163516a858880dbc1c') in 0.009111 seconds
  Import took 0.013952 seconds .

========================================================================
Received Prepare
Registering precompiled user dll's ...
Registered in 0.023650 seconds.
Begin MonoManager ReloadAssembly
Native extension for WindowsStandalone target not found
Refreshing native plugins compatible for Editor in 2.20 ms, found 4 plugins.
Preloading 0 native plugins for Editor in 0.00 ms.
Mono: successfully reloaded assembly
- Completed reload, in  1.377 seconds
Platform modules already initialized, skipping
Refreshing native plugins compatible for Editor in 1.03 ms, found 4 plugins.
Preloading 0 native plugins for Editor in 0.00 ms.
Unloading 2288 Unused Serialized files (Serialized files now loaded: 0)
System memory in use before: 117.0 MB.
System memory in use after: 117.2 MB.

Unloading 99 unused Assets to reduce memory usage. Loaded Objects now: 2835.
Total: 2.792500 ms (FindLiveObjects: 0.230600 ms CreateObjectMapping: 0.101600 ms MarkObjects: 2.320200 ms  DeleteObjects: 0.139100 ms)

========================================================================
Received Import Request.
  Time since last request: 1085.160992 seconds.
  path: Assets/Scripts/SFX.cs
  artifactKey: Guid(7d714eddd93d3324e85c145937f9ac02) Importer(815301076,1909f56bfc062723c751e8b465ee728b)
Start importing Assets/Scripts/SFX.cs using Guid(7d714eddd93d3324e85c145937f9ac02) Importer(815301076,1909f56bfc062723c751e8b465ee728b)  -> (artifact id: 'e6b4c451b74de9037576e3eb3f750154') in 0.008219 seconds
  Import took 0.011869 seconds .

========================================================================
Received Prepare
Registering precompiled user dll's ...
Registered in 0.033944 seconds.
Begin MonoManager ReloadAssembly
Native extension for WindowsStandalone target not found
Refreshing native plugins compatible for Editor in 1.21 ms, found 4 plugins.
Preloading 0 native plugins for Editor in 0.00 ms.
Mono: successfully reloaded assembly
- Completed reload, in  1.462 seconds
Platform modules already initialized, skipping
Refreshing native plugins compatible for Editor in 1.34 ms, found 4 plugins.
Preloading 0 native plugins for Editor in 0.00 ms.
Unloading 2288 Unused Serialized files (Serialized files now loaded: 0)
System memory in use before: 117.1 MB.
System memory in use after: 117.3 MB.

Unloading 99 unused Assets to reduce memory usage. Loaded Objects now: 2839.
Total: 3.274600 ms (FindLiveObjects: 0.295100 ms CreateObjectMapping: 0.125200 ms MarkObjects: 2.747300 ms  DeleteObjects: 0.105700 ms)

========================================================================
Received Import Request.
  Time since last request: 2535.404704 seconds.
  path: Assets/Unity_StarterAssets/Environment/Art/Models/Stairs_650_400_300_Mesh.fbx
  artifactKey: Guid(7e0223e1d3e1733499accfa5ebffb67e) Importer(815301076,1909f56bfc062723c751e8b465ee728b)
Start importing Assets/Unity_StarterAssets/Environment/Art/Models/Stairs_650_400_300_Mesh.fbx using Guid(7e0223e1d3e1733499accfa5ebffb67e) Importer(815301076,1909f56bfc062723c751e8b465ee728b)  -> (artifact id: '8dfad66901b6749aeaf98f365cbe90f4') in 0.393609 seconds
  Import took 0.400474 seconds .

========================================================================
Received Import Request.
  Time since last request: 0.000575 seconds.
  path: Assets/Unity_StarterAssets/ThirdPersonController/Character/Textures/Armature_Arms_AlbedoTransparency.tif
  artifactKey: Guid(c6dc62700fa06274b9608a9fce8ed21b) Importer(815301076,1909f56bfc062723c751e8b465ee728b)
Start importing Assets/Unity_StarterAssets/ThirdPersonController/Character/Textures/Armature_Arms_AlbedoTransparency.tif using Guid(c6dc62700fa06274b9608a9fce8ed21b) Importer(815301076,1909f56bfc062723c751e8b465ee728b)  -> (artifact id: '04a9fbc43f2b25b60d8192b7705746c0') in 1.085794 seconds
  Import took 1.090763 seconds .

========================================================================
Received Import Request.
  Time since last request: 0.000385 seconds.
  path: Assets/Unity_StarterAssets/Environment/Art/Models/Stairs_650_400_300_Mesh.fbx
  artifactKey: Guid(7e0223e1d3e1733499accfa5ebffb67e) Importer(815301076,1909f56bfc062723c751e8b465ee728b)
Start importing Assets/Unity_StarterAssets/Environment/Art/Models/Stairs_650_400_300_Mesh.fbx using Guid(7e0223e1d3e1733499accfa5ebffb67e) Importer(815301076,1909f56bfc062723c751e8b465ee728b)  -> (artifact id: '8dfad66901b6749aeaf98f365cbe90f4') in 0.036133 seconds
  Import took 0.040273 seconds .

========================================================================
Received Import Request.
  Time since last request: 0.000351 seconds.
  path: Assets/Unity_StarterAssets/Environment/Art/Models/Ramp_Mesh.fbx
  artifactKey: Guid(426a2785f8a940049aac2c246661cf09) Importer(815301076,1909f56bfc062723c751e8b465ee728b)
Start importing Assets/Unity_StarterAssets/Environment/Art/Models/Ramp_Mesh.fbx using Guid(426a2785f8a940049aac2c246661cf09) Importer(815301076,1909f56bfc062723c751e8b465ee728b)  -> (artifact id: '5f76ae4f46cfcf3c59eff641d5dcb822') in 0.038485 seconds
  Import took 0.044497 seconds .

========================================================================
Received Import Request.
  Time since last request: 0.000386 seconds.
  path: Assets/Unity_StarterAssets/Environment/Art/Models/Stairs_200x100x200_Mesh.fbx
  artifactKey: Guid(fce3bf5a5b603db45ab0048fb6ab44df) Importer(815301076,1909f56bfc062723c751e8b465ee728b)
Start importing Assets/Unity_StarterAssets/Environment/Art/Models/Stairs_200x100x200_Mesh.fbx using Guid(fce3bf5a5b603db45ab0048fb6ab44df) Importer(815301076,1909f56bfc062723c751e8b465ee728b)  -> (artifact id: 'dc365a296373a6739e846d3dadb4f29a') in 0.056170 seconds
  Import took 0.062227 seconds .

========================================================================
Received Import Request.
  Time since last request: 0.000328 seconds.
  path: Assets/Unity_StarterAssets/ThirdPersonController/Character/Models/Armature.fbx
  artifactKey: Guid(36078ab0369161e49a29d349ae3e0739) Importer(815301076,1909f56bfc062723c751e8b465ee728b)
Start importing Assets/Unity_StarterAssets/ThirdPersonController/Character/Models/Armature.fbx using Guid(36078ab0369161e49a29d349ae3e0739) Importer(815301076,1909f56bfc062723c751e8b465ee728b)  -> (artifact id: 'a123eb9ce660d175ed5340cbfc28afe9') in 0.098324 seconds
  Import took 0.105443 seconds .

========================================================================
Received Prepare
Registering precompiled user dll's ...
Registered in 0.026991 seconds.
Begin MonoManager ReloadAssembly
Native extension for WindowsStandalone target not found
Refreshing native plugins compatible for Editor in 1.72 ms, found 4 plugins.
Preloading 0 native plugins for Editor in 0.00 ms.
Mono: successfully reloaded assembly
- Completed reload, in  1.448 seconds
Platform modules already initialized, skipping
Refreshing native plugins compatible for Editor in 1.09 ms, found 4 plugins.
Preloading 0 native plugins for Editor in 0.00 ms.
Unloading 2288 Unused Serialized files (Serialized files now loaded: 0)
System memory in use before: 130.9 MB.
System memory in use after: 131.0 MB.

Unloading 100 unused Assets to reduce memory usage. Loaded Objects now: 2849.
Total: 2.771100 ms (FindLiveObjects: 0.261000 ms CreateObjectMapping: 0.092300 ms MarkObjects: 2.287700 ms  DeleteObjects: 0.129400 ms)

========================================================================
Received Prepare
Registering precompiled user dll's ...
Registered in 0.039933 seconds.
Begin MonoManager ReloadAssembly
Native extension for WindowsStandalone target not found
Refreshing native plugins compatible for Editor in 1.47 ms, found 4 plugins.
Preloading 0 native plugins for Editor in 0.00 ms.
Mono: successfully reloaded assembly
- Completed reload, in  1.783 seconds
Platform modules already initialized, skipping
Refreshing native plugins compatible for Editor in 1.36 ms, found 4 plugins.
Preloading 0 native plugins for Editor in 0.00 ms.
Unloading 2288 Unused Serialized files (Serialized files now loaded: 0)
System memory in use before: 130.9 MB.
System memory in use after: 131.1 MB.

Unloading 99 unused Assets to reduce memory usage. Loaded Objects now: 2853.
Total: 4.479700 ms (FindLiveObjects: 0.528400 ms CreateObjectMapping: 0.356500 ms MarkObjects: 3.471900 ms  DeleteObjects: 0.115000 ms)

========================================================================
Received Import Request.
  Time since last request: 182.246290 seconds.
  path: Assets/Scenes/Lobby.unity
  artifactKey: Guid(ed3b4d1cba5959a4885237391993249e) Importer(815301076,1909f56bfc062723c751e8b465ee728b)
Start importing Assets/Scenes/Lobby.unity using Guid(ed3b4d1cba5959a4885237391993249e) Importer(815301076,1909f56bfc062723c751e8b465ee728b)  -> (artifact id: 'f87f60f80754524efd4b7a4001bb5220') in 0.028002 seconds
  Import took 0.034013 seconds .

========================================================================
Received Prepare
Registering precompiled user dll's ...
Registered in 0.031674 seconds.
Begin MonoManager ReloadAssembly
Native extension for WindowsStandalone target not found
Refreshing native plugins compatible for Editor in 1.19 ms, found 4 plugins.
Preloading 0 native plugins for Editor in 0.00 ms.
Mono: successfully reloaded assembly
- Completed reload, in  1.704 seconds
Platform modules already initialized, skipping
Refreshing native plugins compatible for Editor in 1.25 ms, found 4 plugins.
Preloading 0 native plugins for Editor in 0.00 ms.
Unloading 2288 Unused Serialized files (Serialized files now loaded: 0)
System memory in use before: 130.9 MB.
System memory in use after: 131.1 MB.

Unloading 99 unused Assets to reduce memory usage. Loaded Objects now: 2857.
Total: 3.502100 ms (FindLiveObjects: 0.368100 ms CreateObjectMapping: 0.154000 ms MarkObjects: 2.862200 ms  DeleteObjects: 0.115800 ms)

========================================================================
Received Prepare
Refreshing native plugins compatible for Editor in 30.36 ms, found 4 plugins.
Preloading 0 native plugins for Editor in 0.00 ms.
Unloading 96 Unused Serialized files (Serialized files now loaded: 0)
System memory in use before: 87.5 MB.
System memory in use after: 87.7 MB.

Unloading 96 unused Assets to reduce memory usage. Loaded Objects now: 2857.
Total: 2.970700 ms (FindLiveObjects: 0.282600 ms CreateObjectMapping: 0.100600 ms MarkObjects: 2.467600 ms  DeleteObjects: 0.119000 ms)

========================================================================
Received Import Request.
  Time since last request: 494.146483 seconds.
  path: Assets/Scenes/Lobby.unity
  artifactKey: Guid(ed3b4d1cba5959a4885237391993249e) Importer(815301076,1909f56bfc062723c751e8b465ee728b)
Start importing Assets/Scenes/Lobby.unity using Guid(ed3b4d1cba5959a4885237391993249e) Importer(815301076,1909f56bfc062723c751e8b465ee728b)  -> (artifact id: 'dd0afab26afe73480a5c2b3287f87b84') in 0.031667 seconds
  Import took 0.038110 seconds .

========================================================================
Received Prepare
Registering precompiled user dll's ...
Registered in 0.025700 seconds.
Begin MonoManager ReloadAssembly
Native extension for WindowsStandalone target not found
Refreshing native plugins compatible for Editor in 2.24 ms, found 4 plugins.
Preloading 0 native plugins for Editor in 0.00 ms.
Mono: successfully reloaded assembly
- Completed reload, in  1.363 seconds
Platform modules already initialized, skipping
Refreshing native plugins compatible for Editor in 1.11 ms, found 4 plugins.
Preloading 0 native plugins for Editor in 0.00 ms.
Unloading 2288 Unused Serialized files (Serialized files now loaded: 0)
System memory in use before: 130.8 MB.
System memory in use after: 131.0 MB.

Unloading 99 unused Assets to reduce memory usage. Loaded Objects now: 2861.
Total: 3.535900 ms (FindLiveObjects: 0.426700 ms CreateObjectMapping: 0.140900 ms MarkObjects: 2.872000 ms  DeleteObjects: 0.095100 ms)

========================================================================
Received Prepare
Registering precompiled user dll's ...
Registered in 0.028197 seconds.
Begin MonoManager ReloadAssembly
Native extension for WindowsStandalone target not found
Refreshing native plugins compatible for Editor in 1.48 ms, found 4 plugins.
Preloading 0 native plugins for Editor in 0.00 ms.
Mono: successfully reloaded assembly
- Completed reload, in  1.321 seconds
Platform modules already initialized, skipping
Refreshing native plugins compatible for Editor in 1.08 ms, found 4 plugins.
Preloading 0 native plugins for Editor in 0.00 ms.
Unloading 2288 Unused Serialized files (Serialized files now loaded: 0)
System memory in use before: 130.9 MB.
System memory in use after: 131.1 MB.

Unloading 99 unused Assets to reduce memory usage. Loaded Objects now: 2865.
Total: 3.003800 ms (FindLiveObjects: 0.271800 ms CreateObjectMapping: 0.102500 ms MarkObjects: 2.481000 ms  DeleteObjects: 0.146700 ms)

========================================================================
Received Prepare
Refreshing native plugins compatible for Editor in 40.93 ms, found 4 plugins.
Preloading 0 native plugins for Editor in 0.00 ms.
Unloading 96 Unused Serialized files (Serialized files now loaded: 0)
System memory in use before: 87.5 MB.
System memory in use after: 87.7 MB.

Unloading 96 unused Assets to reduce memory usage. Loaded Objects now: 2865.
Total: 3.243300 ms (FindLiveObjects: 0.334100 ms CreateObjectMapping: 0.135800 ms MarkObjects: 2.666400 ms  DeleteObjects: 0.105700 ms)

========================================================================
Received Prepare
Refreshing native plugins compatible for Editor in 36.93 ms, found 4 plugins.
Preloading 0 native plugins for Editor in 0.00 ms.
Unloading 96 Unused Serialized files (Serialized files now loaded: 0)
System memory in use before: 87.5 MB.
System memory in use after: 87.7 MB.

Unloading 96 unused Assets to reduce memory usage. Loaded Objects now: 2865.
Total: 3.465700 ms (FindLiveObjects: 0.248900 ms CreateObjectMapping: 0.109800 ms MarkObjects: 3.012100 ms  DeleteObjects: 0.093900 ms)

AssetImportWorkerClient::OnTransportError - code=2 error=End of file
